
 -------- FXYMIG PRINTOUT -------- 

Wavefield Disk I/O Used To Reduce Memory Requirement 
Image/Velocity Disk I/O Used To Reduce Memory Requirement 
 Total Memory used (in Byte) = 5.73602e+08 


 Migration Parameters: 
 ===================== 
 tracekey=ep linekey=fldr 
 trstart=3471 lnstart=1316 
 ns=1064 nl=539 ntau=1000 nt=1166 nw=635 
 ds=40.887100 dl=63.414902 dtau=0.006000 dt=0.006000 dz=25.000000 
 itau0=529 istep=5 icstep=25 nvs=200 naux=1920 
 nfft=1920 nffs=1920 nffl=960 nq=176 nv=35 ncp=1 
 lvec=1064 lplane=573496 iorder=1 naux1=7740 naux2=3900 
 dfc=0.030000 vref=8333.333008 dvs=127.748741 isave=1 iisave=0 
 velfile=/data/temp1/james/misscan/views/fdmodel/flat_pick1_1064x539x200_wfxymigsalt_horinsert.vgrid_gridtrsp 
 diskxyw=/data/temp3/zhiming/disk.w 
 diskhdr=/data/temp3/zhiming/disk.hdr 
 diskxyt=/data/temp3/zhiming/disk.t 
 durfile=disk.update.record.file 
itau0dur=529 itaudur=704 iwdur=46
 fmin=5 fmax=60 mlimit=800 ncpu=2 
 ===================== 


 Start Migration 
 =============== 
  Depth Migration with dz=     25.0000
  Velocity Depth Interval dzv=     127.749
  Velocity read at slice=   105
  Velocity read at slice=   106
  Velocity read at slice=   107
  Velocity read at slice=   108
  Velocity read at slice=   109
  Velocity read at slice=   110
  Velocity read at slice=   111
  Velocity read at slice=   112
  Velocity read at slice=   113
  Velocity read at slice=   114
  Velocity read at slice=   115
  Velocity read at slice=   116
  Velocity read at slice=   117
  Velocity read at slice=   118
  Velocity read at slice=   119
  Velocity read at slice=   120
  Velocity read at slice=   121
  Velocity read at slice=   122
  Velocity read at slice=   123
  Velocity read at slice=   124
  Velocity read at slice=   125
  Velocity read at slice=   126
  Velocity read at slice=   127
  Velocity read at slice=   128
  Velocity read at slice=   129
  Velocity read at slice=   130
  Velocity read at slice=   131
  Velocity read at slice=   132
  Velocity read at slice=   133
  Velocity read at slice=   134
  Velocity read at slice=   135
  Velocity read at slice=   136
  Velocity read at slice=   137
  Velocity read at slice=   138
  Velocity read at slice=   139
  reading partial image back at itau =   529
  Migration Done at Depth (in m or ft) =     17600.0
  Velocity read at slice=   139
  Velocity read at slice=   140
  Velocity read at slice=   141
  Velocity read at slice=   142
  Velocity read at slice=   143
  Velocity read at slice=   144
  Velocity read at slice=   145
  Velocity read at slice=   146
  Velocity read at slice=   147
  Velocity read at slice=   148
  Velocity read at slice=   149
  Velocity read at slice=   150
  Velocity read at slice=   151
  Velocity read at slice=   152
  Velocity read at slice=   153
  Velocity read at slice=   154
  Velocity read at slice=   155
  Velocity read at slice=   156
  Velocity read at slice=   157
  Velocity read at slice=   158
  Velocity read at slice=   159
  Velocity read at slice=   160
  Velocity read at slice=   161
  Velocity read at slice=   162
  Velocity read at slice=   163
  Velocity read at slice=   164
  Velocity read at slice=   165
  Velocity read at slice=   166
  Velocity read at slice=   167
  Velocity read at slice=   168
  Velocity read at slice=   169
  Velocity read at slice=   170
  Velocity read at slice=   171
  Velocity read at slice=   172
  Velocity read at slice=   173
  Migration Done at Depth (in m or ft) =     22000.0
  Velocity read at slice=   173
  Velocity read at slice=   174
  Velocity read at slice=   175
  Velocity read at slice=   176
  Velocity read at slice=   177
  Velocity read at slice=   178
  Velocity read at slice=   179
  Velocity read at slice=   180
  Velocity read at slice=   181
  Velocity read at slice=   182
  Velocity read at slice=   183
  Velocity read at slice=   184
  Velocity read at slice=   185
  Velocity read at slice=   186
  Velocity read at slice=   187
  Velocity read at slice=   188
  Velocity read at slice=   189
  Velocity read at slice=   190
  Velocity read at slice=   191
  Velocity read at slice=   192
  Velocity read at slice=   193
  Velocity read at slice=   194
  Velocity read at slice=   195
  Velocity read at slice=   196
  Velocity read at slice=   197
  Velocity read at slice=   198
  Velocity read at slice=   199
  Velocity read at slice=   200
  Velocity read at slice=   200
  Velocity read at slice=   200
  Velocity read at slice=   200
  Velocity read at slice=   200
  Velocity read at slice=   200
  Velocity read at slice=   200
  Velocity read at slice=   200
  Migration Done at Depth (in m or ft) =     25000.0
 =============== 
 Migration Done

 Start Output 
 ============ 
 Job Done 
