This is CTeX, NeXT Version 3.141 (format=lplain 93.9.16)  22 JUL 1994 11:18
**gri.tex
(gri.tex
LaTeX Version 2.09 <25 March 1992>
(/usr/lib/tex/inputs/letter.sty
Standard Document Style `letter' <25 Mar 92>.
\longindentation=\dimen99
\indentedwidth=\dimen100
\labelcount=\count79
)
[1

] ) 
Here is how much of TeX's memory you used:
 92 strings out of 16979
 761 string characters out of 163224
 26038 words of memory out of 262141
 2061 multiletter control sequences out of 9500
 18996 words of font info for 72 fonts, out of 72000 for 255
 14 hyphenation exceptions out of 607
 17i,7n,13p,277b,229s stack positions out of 300i,40n,60p,3000b,4000s

Output written on gri.dvi (1 page, 1224 bytes).
