This is CTeX, NeXT Version 3.141 (format=lplain 93.9.16)  19 JUL 1994 10:48
**legal.tex
(legal.tex
LaTeX Version 2.09 <25 March 1992>
! Undefined control sequence.
\@floatplacement ...global \@toproom \topfraction 
                                                  \@colht \global \@botnum \...

\document ... \hsize \begingroup \@floatplacement 
                                                  \@dblfloatplacement \makea...
l.18 \begin{document}
                     
? x
 
Here is how much of TeX's memory you used:
 4 strings out of 16979
 27 string characters out of 163224
 23019 words of memory out of 262141
 1977 multiletter control sequences out of 9500
 18996 words of font info for 72 fonts, out of 72000 for 255
 14 hyphenation exceptions out of 607
 4i,0n,4p,53b,9s stack positions out of 300i,40n,60p,3000b,4000s
No pages of output.
