for I in app_su ;               \
           do                           \
           cd ${I};                    \
           TOP=/usr/local/cwp/src/USU/src/${I};     \
           export TOP;                  \
           make;                        \
           cd /usr/local/cwp/src/USU/src;            \
        done
make[1]: Entering directory `/LinuxMount/usr/local/cwp/src/USU/src/app_su'
for I in cwp/src/cwp/lib cwp/src/par/lib cwp/src/su/lib cwp/src/xplot/lib slt/src/grid/lib slt/src/su/lib slt/src/velo/lib slt/src/wgc/lib slt/src/fxymig/lib slt/src/ktmig/lib slt/src/kzmig/lib slt/src/rayt3d/lib slt/src/umisc/lib ;                 \
           do                             \
           cd ${I};                      \
           make;                          \
           cd /usr/local/cwp/src/USU/src/app_su;       \
        done
make[2]: Entering directory `/LinuxMount/usr/local/cwp/src/USU/src/app_su/cwp/src/cwp/lib'
gcc -DLINUX=1 -g -D_LARGEFILE_SOURCE -D_FILE_OFFSET_BITS=64 -I/usr/local/cwp/src/USU/src/app_su/cwp/include -I/usr/local/cwp/src/USU/src/app_su/slt/include -DLIB_OBJ   -c -o abel.o abel.c
gcc -DLINUX=1 -g -D_LARGEFILE_SOURCE -D_FILE_OFFSET_BITS=64 -I/usr/local/cwp/src/USU/src/app_su/cwp/include -I/usr/local/cwp/src/USU/src/app_su/slt/include -DLIB_OBJ   -c -o airya.o airya.c
gcc -DLINUX=1 -g -D_LARGEFILE_SOURCE -D_FILE_OFFSET_BITS=64 -I/usr/local/cwp/src/USU/src/app_su/cwp/include -I/usr/local/cwp/src/USU/src/app_su/slt/include -DLIB_OBJ   -c -o airyb.o airyb.c
gcc -DLINUX=1 -g -D_LARGEFILE_SOURCE -D_FILE_OFFSET_BITS=64 -I/usr/local/cwp/src/USU/src/app_su/cwp/include -I/usr/local/cwp/src/USU/src/app_su/slt/include -DLIB_OBJ   -c -o alloc.o alloc.c
gcc -DLINUX=1 -g -D_LARGEFILE_SOURCE -D_FILE_OFFSET_BITS=64 -I/usr/local/cwp/src/USU/src/app_su/cwp/include -I/usr/local/cwp/src/USU/src/app_su/slt/include -DLIB_OBJ   -c -o antialias.o antialias.c
gcc -DLINUX=1 -g -D_LARGEFILE_SOURCE -D_FILE_OFFSET_BITS=64 -I/usr/local/cwp/src/USU/src/app_su/cwp/include -I/usr/local/cwp/src/USU/src/app_su/slt/include -DLIB_OBJ   -c -o bf.o bf.c
gcc -DLINUX=1 -g -D_LARGEFILE_SOURCE -D_FILE_OFFSET_BITS=64 -I/usr/local/cwp/src/USU/src/app_su/cwp/include -I/usr/local/cwp/src/USU/src/app_su/slt/include -DLIB_OBJ   -c -o bm.o bm.c
gcc -DLINUX=1 -g -D_LARGEFILE_SOURCE -D_FILE_OFFSET_BITS=64 -I/usr/local/cwp/src/USU/src/app_su/cwp/include -I/usr/local/cwp/src/USU/src/app_su/slt/include -DLIB_OBJ   -c -o cakima.o cakima.c
gcc -DLINUX=1 -g -D_LARGEFILE_SOURCE -D_FILE_OFFSET_BITS=64 -I/usr/local/cwp/src/USU/src/app_su/cwp/include -I/usr/local/cwp/src/USU/src/app_su/slt/include -DLIB_OBJ   -c -o cmonot.o cmonot.c
gcc -DLINUX=1 -g -D_LARGEFILE_SOURCE -D_FILE_OFFSET_BITS=64 -I/usr/local/cwp/src/USU/src/app_su/cwp/include -I/usr/local/cwp/src/USU/src/app_su/slt/include -DLIB_OBJ   -c -o complex.o complex.c
gcc -DLINUX=1 -g -D_LARGEFILE_SOURCE -D_FILE_OFFSET_BITS=64 -I/usr/local/cwp/src/USU/src/app_su/cwp/include -I/usr/local/cwp/src/USU/src/app_su/slt/include -DLIB_OBJ   -c -o conv.o conv.c
gcc -DLINUX=1 -g -D_LARGEFILE_SOURCE -D_FILE_OFFSET_BITS=64 -I/usr/local/cwp/src/USU/src/app_su/cwp/include -I/usr/local/cwp/src/USU/src/app_su/slt/include -DLIB_OBJ   -c -o cpusec.o cpusec.c
gcc -DLINUX=1 -g -D_LARGEFILE_SOURCE -D_FILE_OFFSET_BITS=64 -I/usr/local/cwp/src/USU/src/app_su/cwp/include -I/usr/local/cwp/src/USU/src/app_su/slt/include -DLIB_OBJ   -c -o cputime.o cputime.c
gcc -DLINUX=1 -g -D_LARGEFILE_SOURCE -D_FILE_OFFSET_BITS=64 -I/usr/local/cwp/src/USU/src/app_su/cwp/include -I/usr/local/cwp/src/USU/src/app_su/slt/include -DLIB_OBJ   -c -o csplin.o csplin.c
gcc -DLINUX=1 -g -D_LARGEFILE_SOURCE -D_FILE_OFFSET_BITS=64 -I/usr/local/cwp/src/USU/src/app_su/cwp/include -I/usr/local/cwp/src/USU/src/app_su/slt/include -DLIB_OBJ   -c -o dblas.o dblas.c
gcc -DLINUX=1 -g -D_LARGEFILE_SOURCE -D_FILE_OFFSET_BITS=64 -I/usr/local/cwp/src/USU/src/app_su/cwp/include -I/usr/local/cwp/src/USU/src/app_su/slt/include -DLIB_OBJ   -c -o dge.o dge.c
gcc -DLINUX=1 -g -D_LARGEFILE_SOURCE -D_FILE_OFFSET_BITS=64 -I/usr/local/cwp/src/USU/src/app_su/cwp/include -I/usr/local/cwp/src/USU/src/app_su/slt/include -DLIB_OBJ   -c -o dsinc.o dsinc.c
gcc -DLINUX=1 -g -D_LARGEFILE_SOURCE -D_FILE_OFFSET_BITS=64 -I/usr/local/cwp/src/USU/src/app_su/cwp/include -I/usr/local/cwp/src/USU/src/app_su/slt/include -DLIB_OBJ   -c -o filestat.o filestat.c
gcc -DLINUX=1 -g -D_LARGEFILE_SOURCE -D_FILE_OFFSET_BITS=64 -I/usr/local/cwp/src/USU/src/app_su/cwp/include -I/usr/local/cwp/src/USU/src/app_su/slt/include -DLIB_OBJ   -c -o frannor.o frannor.c
gcc -DLINUX=1 -g -D_LARGEFILE_SOURCE -D_FILE_OFFSET_BITS=64 -I/usr/local/cwp/src/USU/src/app_su/cwp/include -I/usr/local/cwp/src/USU/src/app_su/slt/include -DLIB_OBJ   -c -o franuni.o franuni.c
gcc -DLINUX=1 -g -D_LARGEFILE_SOURCE -D_FILE_OFFSET_BITS=64 -I/usr/local/cwp/src/USU/src/app_su/cwp/include -I/usr/local/cwp/src/USU/src/app_su/slt/include -DLIB_OBJ   -c -o fsinc.o fsinc.c
gcc -DLINUX=1 -g -D_LARGEFILE_SOURCE -D_FILE_OFFSET_BITS=64 -I/usr/local/cwp/src/USU/src/app_su/cwp/include -I/usr/local/cwp/src/USU/src/app_su/slt/include -DLIB_OBJ   -c -o hankel.o hankel.c
gcc -DLINUX=1 -g -D_LARGEFILE_SOURCE -D_FILE_OFFSET_BITS=64 -I/usr/local/cwp/src/USU/src/app_su/cwp/include -I/usr/local/cwp/src/USU/src/app_su/slt/include -DLIB_OBJ   -c -o hilbert.o hilbert.c
gcc -DLINUX=1 -g -D_LARGEFILE_SOURCE -D_FILE_OFFSET_BITS=64 -I/usr/local/cwp/src/USU/src/app_su/cwp/include -I/usr/local/cwp/src/USU/src/app_su/slt/include -DLIB_OBJ   -c -o hpsort.o hpsort.c
gcc -DLINUX=1 -g -D_LARGEFILE_SOURCE -D_FILE_OFFSET_BITS=64 -I/usr/local/cwp/src/USU/src/app_su/cwp/include -I/usr/local/cwp/src/USU/src/app_su/slt/include -DLIB_OBJ   -c -o intcub.o intcub.c
gcc -DLINUX=1 -g -D_LARGEFILE_SOURCE -D_FILE_OFFSET_BITS=64 -I/usr/local/cwp/src/USU/src/app_su/cwp/include -I/usr/local/cwp/src/USU/src/app_su/slt/include -DLIB_OBJ   -c -o intl2b.o intl2b.c
gcc -DLINUX=1 -g -D_LARGEFILE_SOURCE -D_FILE_OFFSET_BITS=64 -I/usr/local/cwp/src/USU/src/app_su/cwp/include -I/usr/local/cwp/src/USU/src/app_su/slt/include -DLIB_OBJ   -c -o intlin.o intlin.c
gcc -DLINUX=1 -g -D_LARGEFILE_SOURCE -D_FILE_OFFSET_BITS=64 -I/usr/local/cwp/src/USU/src/app_su/cwp/include -I/usr/local/cwp/src/USU/src/app_su/slt/include -DLIB_OBJ   -c -o ints8c.o ints8c.c
gcc -DLINUX=1 -g -D_LARGEFILE_SOURCE -D_FILE_OFFSET_BITS=64 -I/usr/local/cwp/src/USU/src/app_su/cwp/include -I/usr/local/cwp/src/USU/src/app_su/slt/include -DLIB_OBJ   -c -o ints8r.o ints8r.c
gcc -DLINUX=1 -g -D_LARGEFILE_SOURCE -D_FILE_OFFSET_BITS=64 -I/usr/local/cwp/src/USU/src/app_su/cwp/include -I/usr/local/cwp/src/USU/src/app_su/slt/include -DLIB_OBJ   -c -o intt8c.o intt8c.c
gcc -DLINUX=1 -g -D_LARGEFILE_SOURCE -D_FILE_OFFSET_BITS=64 -I/usr/local/cwp/src/USU/src/app_su/cwp/include -I/usr/local/cwp/src/USU/src/app_su/slt/include -DLIB_OBJ   -c -o intt8r.o intt8r.c
gcc -DLINUX=1 -g -D_LARGEFILE_SOURCE -D_FILE_OFFSET_BITS=64 -I/usr/local/cwp/src/USU/src/app_su/cwp/include -I/usr/local/cwp/src/USU/src/app_su/slt/include -DLIB_OBJ   -c -o mkdiff.o mkdiff.c
gcc -DLINUX=1 -g -D_LARGEFILE_SOURCE -D_FILE_OFFSET_BITS=64 -I/usr/local/cwp/src/USU/src/app_su/cwp/include -I/usr/local/cwp/src/USU/src/app_su/slt/include -DLIB_OBJ   -c -o mkhdiff.o mkhdiff.c
gcc -DLINUX=1 -g -D_LARGEFILE_SOURCE -D_FILE_OFFSET_BITS=64 -I/usr/local/cwp/src/USU/src/app_su/cwp/include -I/usr/local/cwp/src/USU/src/app_su/slt/include -DLIB_OBJ   -c -o mksinc.o mksinc.c
gcc -DLINUX=1 -g -D_LARGEFILE_SOURCE -D_FILE_OFFSET_BITS=64 -I/usr/local/cwp/src/USU/src/app_su/cwp/include -I/usr/local/cwp/src/USU/src/app_su/slt/include -DLIB_OBJ   -c -o npfa.o npfa.c
gcc -DLINUX=1 -g -D_LARGEFILE_SOURCE -D_FILE_OFFSET_BITS=64 -I/usr/local/cwp/src/USU/src/app_su/cwp/include -I/usr/local/cwp/src/USU/src/app_su/slt/include -DLIB_OBJ   -c -o npfao.o npfao.c
gcc -DLINUX=1 -g -D_LARGEFILE_SOURCE -D_FILE_OFFSET_BITS=64 -I/usr/local/cwp/src/USU/src/app_su/cwp/include -I/usr/local/cwp/src/USU/src/app_su/slt/include -DLIB_OBJ   -c -o npfar.o npfar.c
gcc -DLINUX=1 -g -D_LARGEFILE_SOURCE -D_FILE_OFFSET_BITS=64 -I/usr/local/cwp/src/USU/src/app_su/cwp/include -I/usr/local/cwp/src/USU/src/app_su/slt/include -DLIB_OBJ   -c -o npfaro.o npfaro.c
gcc -DLINUX=1 -g -D_LARGEFILE_SOURCE -D_FILE_OFFSET_BITS=64 -I/usr/local/cwp/src/USU/src/app_su/cwp/include -I/usr/local/cwp/src/USU/src/app_su/slt/include -DLIB_OBJ   -c -o pfa2cc.o pfa2cc.c
gcc -DLINUX=1 -g -D_LARGEFILE_SOURCE -D_FILE_OFFSET_BITS=64 -I/usr/local/cwp/src/USU/src/app_su/cwp/include -I/usr/local/cwp/src/USU/src/app_su/slt/include -DLIB_OBJ   -c -o pfa2cr.o pfa2cr.c
gcc -DLINUX=1 -g -D_LARGEFILE_SOURCE -D_FILE_OFFSET_BITS=64 -I/usr/local/cwp/src/USU/src/app_su/cwp/include -I/usr/local/cwp/src/USU/src/app_su/slt/include -DLIB_OBJ   -c -o pfa2rc.o pfa2rc.c
gcc -DLINUX=1 -g -D_LARGEFILE_SOURCE -D_FILE_OFFSET_BITS=64 -I/usr/local/cwp/src/USU/src/app_su/cwp/include -I/usr/local/cwp/src/USU/src/app_su/slt/include -DLIB_OBJ   -c -o pfacc.o pfacc.c
gcc -DLINUX=1 -g -D_LARGEFILE_SOURCE -D_FILE_OFFSET_BITS=64 -I/usr/local/cwp/src/USU/src/app_su/cwp/include -I/usr/local/cwp/src/USU/src/app_su/slt/include -DLIB_OBJ   -c -o pfacr.o pfacr.c
gcc -DLINUX=1 -g -D_LARGEFILE_SOURCE -D_FILE_OFFSET_BITS=64 -I/usr/local/cwp/src/USU/src/app_su/cwp/include -I/usr/local/cwp/src/USU/src/app_su/slt/include -DLIB_OBJ   -c -o pfamcc.o pfamcc.c
gcc -DLINUX=1 -g -D_LARGEFILE_SOURCE -D_FILE_OFFSET_BITS=64 -I/usr/local/cwp/src/USU/src/app_su/cwp/include -I/usr/local/cwp/src/USU/src/app_su/slt/include -DLIB_OBJ   -c -o pfarc.o pfarc.c
gcc -DLINUX=1 -g -D_LARGEFILE_SOURCE -D_FILE_OFFSET_BITS=64 -I/usr/local/cwp/src/USU/src/app_su/cwp/include -I/usr/local/cwp/src/USU/src/app_su/slt/include -DLIB_OBJ   -c -o pp1d.o pp1d.c
gcc -DLINUX=1 -g -D_LARGEFILE_SOURCE -D_FILE_OFFSET_BITS=64 -I/usr/local/cwp/src/USU/src/app_su/cwp/include -I/usr/local/cwp/src/USU/src/app_su/slt/include -DLIB_OBJ   -c -o pplot1.o pplot1.c
gcc -DLINUX=1 -g -D_LARGEFILE_SOURCE -D_FILE_OFFSET_BITS=64 -I/usr/local/cwp/src/USU/src/app_su/cwp/include -I/usr/local/cwp/src/USU/src/app_su/slt/include -DLIB_OBJ   -c -o qkisort.o qkisort.c
gcc -DLINUX=1 -g -D_LARGEFILE_SOURCE -D_FILE_OFFSET_BITS=64 -I/usr/local/cwp/src/USU/src/app_su/cwp/include -I/usr/local/cwp/src/USU/src/app_su/slt/include -DLIB_OBJ   -c -o qksort.o qksort.c
gcc -DLINUX=1 -g -D_LARGEFILE_SOURCE -D_FILE_OFFSET_BITS=64 -I/usr/local/cwp/src/USU/src/app_su/cwp/include -I/usr/local/cwp/src/USU/src/app_su/slt/include -DLIB_OBJ   -c -o quest.o quest.c
gcc -DLINUX=1 -g -D_LARGEFILE_SOURCE -D_FILE_OFFSET_BITS=64 -I/usr/local/cwp/src/USU/src/app_su/cwp/include -I/usr/local/cwp/src/USU/src/app_su/slt/include -DLIB_OBJ   -c -o questinit.o questinit.c
gcc -DLINUX=1 -g -D_LARGEFILE_SOURCE -D_FILE_OFFSET_BITS=64 -I/usr/local/cwp/src/USU/src/app_su/cwp/include -I/usr/local/cwp/src/USU/src/app_su/slt/include -DLIB_OBJ   -c -o questupdate.o questupdate.c
gcc -DLINUX=1 -g -D_LARGEFILE_SOURCE -D_FILE_OFFSET_BITS=64 -I/usr/local/cwp/src/USU/src/app_su/cwp/include -I/usr/local/cwp/src/USU/src/app_su/slt/include -DLIB_OBJ   -c -o ress8c.o ress8c.c
gcc -DLINUX=1 -g -D_LARGEFILE_SOURCE -D_FILE_OFFSET_BITS=64 -I/usr/local/cwp/src/USU/src/app_su/cwp/include -I/usr/local/cwp/src/USU/src/app_su/slt/include -DLIB_OBJ   -c -o ress8r.o ress8r.c
gcc -DLINUX=1 -g -D_LARGEFILE_SOURCE -D_FILE_OFFSET_BITS=64 -I/usr/local/cwp/src/USU/src/app_su/cwp/include -I/usr/local/cwp/src/USU/src/app_su/slt/include -DLIB_OBJ   -c -o rfwtva.o rfwtva.c
gcc -DLINUX=1 -g -D_LARGEFILE_SOURCE -D_FILE_OFFSET_BITS=64 -I/usr/local/cwp/src/USU/src/app_su/cwp/include -I/usr/local/cwp/src/USU/src/app_su/slt/include -DLIB_OBJ   -c -o rfwtvaint.o rfwtvaint.c
gcc -DLINUX=1 -g -D_LARGEFILE_SOURCE -D_FILE_OFFSET_BITS=64 -I/usr/local/cwp/src/USU/src/app_su/cwp/include -I/usr/local/cwp/src/USU/src/app_su/slt/include -DLIB_OBJ   -c -o sblas.o sblas.c
gcc -DLINUX=1 -g -D_LARGEFILE_SOURCE -D_FILE_OFFSET_BITS=64 -I/usr/local/cwp/src/USU/src/app_su/cwp/include -I/usr/local/cwp/src/USU/src/app_su/slt/include -DLIB_OBJ   -c -o scaxis.o scaxis.c
gcc -DLINUX=1 -g -D_LARGEFILE_SOURCE -D_FILE_OFFSET_BITS=64 -I/usr/local/cwp/src/USU/src/app_su/cwp/include -I/usr/local/cwp/src/USU/src/app_su/slt/include -DLIB_OBJ   -c -o sge.o sge.c
gcc -DLINUX=1 -g -D_LARGEFILE_SOURCE -D_FILE_OFFSET_BITS=64 -I/usr/local/cwp/src/USU/src/app_su/cwp/include -I/usr/local/cwp/src/USU/src/app_su/slt/include -DLIB_OBJ   -c -o shfs8r.o shfs8r.c
gcc -DLINUX=1 -g -D_LARGEFILE_SOURCE -D_FILE_OFFSET_BITS=64 -I/usr/local/cwp/src/USU/src/app_su/cwp/include -I/usr/local/cwp/src/USU/src/app_su/slt/include -DLIB_OBJ   -c -o sqr.o sqr.c
gcc -DLINUX=1 -g -D_LARGEFILE_SOURCE -D_FILE_OFFSET_BITS=64 -I/usr/local/cwp/src/USU/src/app_su/cwp/include -I/usr/local/cwp/src/USU/src/app_su/slt/include -DLIB_OBJ   -c -o stoepd.o stoepd.c
gcc -DLINUX=1 -g -D_LARGEFILE_SOURCE -D_FILE_OFFSET_BITS=64 -I/usr/local/cwp/src/USU/src/app_su/cwp/include -I/usr/local/cwp/src/USU/src/app_su/slt/include -DLIB_OBJ   -c -o stoepf.o stoepf.c
gcc -DLINUX=1 -g -D_LARGEFILE_SOURCE -D_FILE_OFFSET_BITS=64 -I/usr/local/cwp/src/USU/src/app_su/cwp/include -I/usr/local/cwp/src/USU/src/app_su/slt/include -DLIB_OBJ   -c -o tridif.o tridif.c
gcc -DLINUX=1 -g -D_LARGEFILE_SOURCE -D_FILE_OFFSET_BITS=64 -I/usr/local/cwp/src/USU/src/app_su/cwp/include -I/usr/local/cwp/src/USU/src/app_su/slt/include -DLIB_OBJ   -c -o vanded.o vanded.c
gcc -DLINUX=1 -g -D_LARGEFILE_SOURCE -D_FILE_OFFSET_BITS=64 -I/usr/local/cwp/src/USU/src/app_su/cwp/include -I/usr/local/cwp/src/USU/src/app_su/slt/include -DLIB_OBJ   -c -o vandef.o vandef.c
gcc -DLINUX=1 -g -D_LARGEFILE_SOURCE -D_FILE_OFFSET_BITS=64 -I/usr/local/cwp/src/USU/src/app_su/cwp/include -I/usr/local/cwp/src/USU/src/app_su/slt/include -DLIB_OBJ   -c -o wallsec.o wallsec.c
gcc -DLINUX=1 -g -D_LARGEFILE_SOURCE -D_FILE_OFFSET_BITS=64 -I/usr/local/cwp/src/USU/src/app_su/cwp/include -I/usr/local/cwp/src/USU/src/app_su/slt/include -DLIB_OBJ   -c -o walltime.o walltime.c
gcc -DLINUX=1 -g -D_LARGEFILE_SOURCE -D_FILE_OFFSET_BITS=64 -I/usr/local/cwp/src/USU/src/app_su/cwp/include -I/usr/local/cwp/src/USU/src/app_su/slt/include -DLIB_OBJ   -c -o xcor.o xcor.c
gcc -DLINUX=1 -g -D_LARGEFILE_SOURCE -D_FILE_OFFSET_BITS=64 -I/usr/local/cwp/src/USU/src/app_su/cwp/include -I/usr/local/cwp/src/USU/src/app_su/slt/include -DLIB_OBJ   -c -o xindex.o xindex.c
gcc -DLINUX=1 -g -D_LARGEFILE_SOURCE -D_FILE_OFFSET_BITS=64 -I/usr/local/cwp/src/USU/src/app_su/cwp/include -I/usr/local/cwp/src/USU/src/app_su/slt/include -DLIB_OBJ   -c -o yclip.o yclip.c
gcc -DLINUX=1 -g -D_LARGEFILE_SOURCE -D_FILE_OFFSET_BITS=64 -I/usr/local/cwp/src/USU/src/app_su/cwp/include -I/usr/local/cwp/src/USU/src/app_su/slt/include -DLIB_OBJ   -c -o yxtoxy.o yxtoxy.c
ar crv libcwp.a abel.o airya.o airyb.o alloc.o antialias.o bf.o bm.o cakima.o cmonot.o complex.o conv.o cpusec.o cputime.o csplin.o dblas.o dge.o dsinc.o filestat.o frannor.o franuni.o fsinc.o hankel.o hilbert.o hpsort.o intcub.o intl2b.o intlin.o ints8c.o ints8r.o intt8c.o intt8r.o mkdiff.o mkhdiff.o mksinc.o npfa.o npfao.o npfar.o npfaro.o pfa2cc.o pfa2cr.o pfa2rc.o pfacc.o pfacr.o pfamcc.o pfarc.o pp1d.o pplot1.o qkisort.o qksort.o quest.o questinit.o questupdate.o ress8c.o ress8r.o rfwtva.o rfwtvaint.o sblas.o scaxis.o sge.o shfs8r.o sqr.o stoepd.o stoepf.o tridif.o vanded.o vandef.o wallsec.o walltime.o xcor.o xindex.o yclip.o yxtoxy.o
a - abel.o
a - airya.o
a - airyb.o
a - alloc.o
a - antialias.o
a - bf.o
a - bm.o
a - cakima.o
a - cmonot.o
a - complex.o
a - conv.o
a - cpusec.o
a - cputime.o
a - csplin.o
a - dblas.o
a - dge.o
a - dsinc.o
a - filestat.o
a - frannor.o
a - franuni.o
a - fsinc.o
a - hankel.o
a - hilbert.o
a - hpsort.o
a - intcub.o
a - intl2b.o
a - intlin.o
a - ints8c.o
a - ints8r.o
a - intt8c.o
a - intt8r.o
a - mkdiff.o
a - mkhdiff.o
a - mksinc.o
a - npfa.o
a - npfao.o
a - npfar.o
a - npfaro.o
a - pfa2cc.o
a - pfa2cr.o
a - pfa2rc.o
a - pfacc.o
a - pfacr.o
a - pfamcc.o
a - pfarc.o
a - pp1d.o
a - pplot1.o
a - qkisort.o
a - qksort.o
a - quest.o
a - questinit.o
a - questupdate.o
a - ress8c.o
a - ress8r.o
a - rfwtva.o
a - rfwtvaint.o
a - sblas.o
a - scaxis.o
a - sge.o
a - shfs8r.o
a - sqr.o
a - stoepd.o
a - stoepf.o
a - tridif.o
a - vanded.o
a - vandef.o
a - wallsec.o
a - walltime.o
a - xcor.o
a - xindex.o
a - yclip.o
a - yxtoxy.o
Installing libcwp.a in /usr/local/cwp/src/USU/src/app_su/Linux_2.6_i686/lib
rm -f /usr/local/cwp/src/USU/src/app_su/Linux_2.6_i686/lib/libcwp.a
cp libcwp.a /usr/local/cwp/src/USU/src/app_su/Linux_2.6_i686/lib/libcwp.a
make[2]: Leaving directory `/LinuxMount/usr/local/cwp/src/USU/src/app_su/cwp/src/cwp/lib'
make[2]: Entering directory `/LinuxMount/usr/local/cwp/src/USU/src/app_su/cwp/src/par/lib'
gcc -DLINUX=1 -g -D_LARGEFILE_SOURCE -D_FILE_OFFSET_BITS=64 -I/usr/local/cwp/src/USU/src/app_su/cwp/include -I/usr/local/cwp/src/USU/src/app_su/slt/include -DLIB_OBJ   -c -o askdoc.o askdoc.c
gcc -DLINUX=1 -g -D_LARGEFILE_SOURCE -D_FILE_OFFSET_BITS=64 -I/usr/local/cwp/src/USU/src/app_su/cwp/include -I/usr/local/cwp/src/USU/src/app_su/slt/include -DLIB_OBJ   -c -o atopkge.o atopkge.c
gcc -DLINUX=1 -g -D_LARGEFILE_SOURCE -D_FILE_OFFSET_BITS=64 -I/usr/local/cwp/src/USU/src/app_su/cwp/include -I/usr/local/cwp/src/USU/src/app_su/slt/include -DLIB_OBJ   -c -o docpkge.o docpkge.c
gcc -DLINUX=1 -g -D_LARGEFILE_SOURCE -D_FILE_OFFSET_BITS=64 -I/usr/local/cwp/src/USU/src/app_su/cwp/include -I/usr/local/cwp/src/USU/src/app_su/slt/include -DLIB_OBJ   -c -o ealloc.o ealloc.c
gcc -DLINUX=1 -g -D_LARGEFILE_SOURCE -D_FILE_OFFSET_BITS=64 -I/usr/local/cwp/src/USU/src/app_su/cwp/include -I/usr/local/cwp/src/USU/src/app_su/slt/include -DLIB_OBJ   -c -o errpkge.o errpkge.c
gcc -DLINUX=1 -g -D_LARGEFILE_SOURCE -D_FILE_OFFSET_BITS=64 -I/usr/local/cwp/src/USU/src/app_su/cwp/include -I/usr/local/cwp/src/USU/src/app_su/slt/include -DLIB_OBJ   -c -o getpars.o getpars.c
gcc -DLINUX=1 -g -D_LARGEFILE_SOURCE -D_FILE_OFFSET_BITS=64 -I/usr/local/cwp/src/USU/src/app_su/cwp/include -I/usr/local/cwp/src/USU/src/app_su/slt/include -DLIB_OBJ   -c -o initargs.o initargs.c
gcc -DLINUX=1 -g -D_LARGEFILE_SOURCE -D_FILE_OFFSET_BITS=64 -I/usr/local/cwp/src/USU/src/app_su/cwp/include -I/usr/local/cwp/src/USU/src/app_su/slt/include -DLIB_OBJ   -c -o syscalls.o syscalls.c
gcc -DLINUX=1 -g -D_LARGEFILE_SOURCE -D_FILE_OFFSET_BITS=64 -I/usr/local/cwp/src/USU/src/app_su/cwp/include -I/usr/local/cwp/src/USU/src/app_su/slt/include -DLIB_OBJ   -c -o subcalls.o subcalls.c
gcc -DLINUX=1 -g -D_LARGEFILE_SOURCE -D_FILE_OFFSET_BITS=64 -I/usr/local/cwp/src/USU/src/app_su/cwp/include -I/usr/local/cwp/src/USU/src/app_su/slt/include -DLIB_OBJ   -c -o gtparsf.o gtparsf.c
gcc -DLINUX=1 -g -D_LARGEFILE_SOURCE -D_FILE_OFFSET_BITS=64 -I/usr/local/cwp/src/USU/src/app_su/cwp/include -I/usr/local/cwp/src/USU/src/app_su/slt/include -DLIB_OBJ   -c -o selfdoc.o selfdoc.c
ar crv libpar.a askdoc.o atopkge.o docpkge.o ealloc.o errpkge.o getpars.o initargs.o syscalls.o subcalls.o gtparsf.o selfdoc.o
a - askdoc.o
a - atopkge.o
a - docpkge.o
a - ealloc.o
a - errpkge.o
a - getpars.o
a - initargs.o
a - syscalls.o
a - subcalls.o
a - gtparsf.o
a - selfdoc.o
Installing libpar.a in /usr/local/cwp/src/USU/src/app_su/Linux_2.6_i686/lib
rm -f /usr/local/cwp/src/USU/src/app_su/Linux_2.6_i686/lib/libpar.a
cp libpar.a /usr/local/cwp/src/USU/src/app_su/Linux_2.6_i686/lib/libpar.a
make[2]: Leaving directory `/LinuxMount/usr/local/cwp/src/USU/src/app_su/cwp/src/par/lib'
make[2]: Entering directory `/LinuxMount/usr/local/cwp/src/USU/src/app_su/cwp/src/su/lib'
gcc -DLINUX=1 -g -D_LARGEFILE_SOURCE -D_FILE_OFFSET_BITS=64 -I/usr/local/cwp/src/USU/src/app_su/cwp/include -I/usr/local/cwp/src/USU/src/app_su/slt/include -DLIB_OBJ   -c -o fgettra.o fgettra.c
gcc -DLINUX=1 -g -D_LARGEFILE_SOURCE -D_FILE_OFFSET_BITS=64 -I/usr/local/cwp/src/USU/src/app_su/cwp/include -I/usr/local/cwp/src/USU/src/app_su/slt/include -DLIB_OBJ   -c -o fgettr.o fgettr.c
gcc -DLINUX=1 -g -D_LARGEFILE_SOURCE -D_FILE_OFFSET_BITS=64 -I/usr/local/cwp/src/USU/src/app_su/cwp/include -I/usr/local/cwp/src/USU/src/app_su/slt/include -DLIB_OBJ   -c -o fputtr.o fputtr.c
gcc -DLINUX=1 -g -D_LARGEFILE_SOURCE -D_FILE_OFFSET_BITS=64 -I/usr/local/cwp/src/USU/src/app_su/cwp/include -I/usr/local/cwp/src/USU/src/app_su/slt/include -DLIB_OBJ   -c -o hdrpkge.o hdrpkge.c
gcc -DLINUX=1 -g -D_LARGEFILE_SOURCE -D_FILE_OFFSET_BITS=64 -I/usr/local/cwp/src/USU/src/app_su/cwp/include -I/usr/local/cwp/src/USU/src/app_su/slt/include -DLIB_OBJ   -c -o valpkge.o valpkge.c
gcc -DLINUX=1 -g -D_LARGEFILE_SOURCE -D_FILE_OFFSET_BITS=64 -I/usr/local/cwp/src/USU/src/app_su/cwp/include -I/usr/local/cwp/src/USU/src/app_su/slt/include -DLIB_OBJ   -c -o conv_float.o conv_float.c
gcc -DLINUX=1 -g -D_LARGEFILE_SOURCE -D_FILE_OFFSET_BITS=64 -I/usr/local/cwp/src/USU/src/app_su/cwp/include -I/usr/local/cwp/src/USU/src/app_su/slt/include -DLIB_OBJ   -c -o tabplot.o tabplot.c
gcc -DLINUX=1 -g -D_LARGEFILE_SOURCE -D_FILE_OFFSET_BITS=64 -I/usr/local/cwp/src/USU/src/app_su/cwp/include -I/usr/local/cwp/src/USU/src/app_su/slt/include -DLIB_OBJ   -c -o fgethdr.o fgethdr.c
gcc -DLINUX=1 -g -D_LARGEFILE_SOURCE -D_FILE_OFFSET_BITS=64 -I/usr/local/cwp/src/USU/src/app_su/cwp/include -I/usr/local/cwp/src/USU/src/app_su/slt/include -DLIB_OBJ   -c -o fputhdr.o fputhdr.c
gcc -DLINUX=1 -g -D_LARGEFILE_SOURCE -D_FILE_OFFSET_BITS=64 -I/usr/local/cwp/src/USU/src/app_su/cwp/include -I/usr/local/cwp/src/USU/src/app_su/slt/include -DLIB_OBJ   -c -o bhdrpkge.o bhdrpkge.c
gcc -DLINUX=1 -g -D_LARGEFILE_SOURCE -D_FILE_OFFSET_BITS=64 -I/usr/local/cwp/src/USU/src/app_su/cwp/include -I/usr/local/cwp/src/USU/src/app_su/slt/include -DLIB_OBJ   -c -o auxgettr.o auxgettr.c
gcc -DLINUX=1 -g -D_LARGEFILE_SOURCE -D_FILE_OFFSET_BITS=64 -I/usr/local/cwp/src/USU/src/app_su/cwp/include -I/usr/local/cwp/src/USU/src/app_su/slt/include -DLIB_OBJ   -c -o auxputtr.o auxputtr.c
gcc -DLINUX=1 -g -D_LARGEFILE_SOURCE -D_FILE_OFFSET_BITS=64 -I/usr/local/cwp/src/USU/src/app_su/cwp/include -I/usr/local/cwp/src/USU/src/app_su/slt/include -DLIB_OBJ   -c -o auxgethdr.o auxgethdr.c
gcc -DLINUX=1 -g -D_LARGEFILE_SOURCE -D_FILE_OFFSET_BITS=64 -I/usr/local/cwp/src/USU/src/app_su/cwp/include -I/usr/local/cwp/src/USU/src/app_su/slt/include -DLIB_OBJ   -c -o auxputhdr.o auxputhdr.c
gcc -DLINUX=1 -g -D_LARGEFILE_SOURCE -D_FILE_OFFSET_BITS=64 -I/usr/local/cwp/src/USU/src/app_su/cwp/include -I/usr/local/cwp/src/USU/src/app_su/slt/include -DLIB_OBJ   -c -o fgtra64.o fgtra64.c
gcc -DLINUX=1 -g -D_LARGEFILE_SOURCE -D_FILE_OFFSET_BITS=64 -I/usr/local/cwp/src/USU/src/app_su/cwp/include -I/usr/local/cwp/src/USU/src/app_su/slt/include -DLIB_OBJ   -c -o hdsearch.o hdsearch.c
gcc -DLINUX=1 -g -D_LARGEFILE_SOURCE -D_FILE_OFFSET_BITS=64 -I/usr/local/cwp/src/USU/src/app_su/cwp/include -I/usr/local/cwp/src/USU/src/app_su/slt/include -DLIB_OBJ   -c -o idhdrs.o idhdrs.c
ar crv libsu.a fgettra.o fgettr.o fputtr.o hdrpkge.o valpkge.o conv_float.o tabplot.o fgethdr.o fputhdr.o bhdrpkge.o auxgettr.o auxputtr.o auxgethdr.o auxputhdr.o fgtra64.o hdsearch.o idhdrs.o
a - fgettra.o
a - fgettr.o
a - fputtr.o
a - hdrpkge.o
a - valpkge.o
a - conv_float.o
a - tabplot.o
a - fgethdr.o
a - fputhdr.o
a - bhdrpkge.o
a - auxgettr.o
a - auxputtr.o
a - auxgethdr.o
a - auxputhdr.o
a - fgtra64.o
a - hdsearch.o
a - idhdrs.o
Installing libsu.a in /usr/local/cwp/src/USU/src/app_su/Linux_2.6_i686/lib
rm -f /usr/local/cwp/src/USU/src/app_su/Linux_2.6_i686/lib/libsu.a
cp libsu.a /usr/local/cwp/src/USU/src/app_su/Linux_2.6_i686/lib/libsu.a
make[2]: Leaving directory `/LinuxMount/usr/local/cwp/src/USU/src/app_su/cwp/src/su/lib'
make[2]: Entering directory `/LinuxMount/usr/local/cwp/src/USU/src/app_su/cwp/src/xplot/lib'
gcc -DLINUX=1 -g -D_LARGEFILE_SOURCE -D_FILE_OFFSET_BITS=64 -I/usr/local/cwp/src/USU/src/app_su/cwp/include -I/usr/local/cwp/src/USU/src/app_su/slt/include -DLIB_OBJ   -c -o axesbox.o axesbox.c
gcc -DLINUX=1 -g -D_LARGEFILE_SOURCE -D_FILE_OFFSET_BITS=64 -I/usr/local/cwp/src/USU/src/app_su/cwp/include -I/usr/local/cwp/src/USU/src/app_su/slt/include -DLIB_OBJ   -c -o colormap.o colormap.c
gcc -DLINUX=1 -g -D_LARGEFILE_SOURCE -D_FILE_OFFSET_BITS=64 -I/usr/local/cwp/src/USU/src/app_su/cwp/include -I/usr/local/cwp/src/USU/src/app_su/slt/include -DLIB_OBJ   -c -o dump2xgraph.o dump2xgraph.c
gcc -DLINUX=1 -g -D_LARGEFILE_SOURCE -D_FILE_OFFSET_BITS=64 -I/usr/local/cwp/src/USU/src/app_su/cwp/include -I/usr/local/cwp/src/USU/src/app_su/slt/include -DLIB_OBJ   -c -o dump2xplot.o dump2xplot.c
gcc -DLINUX=1 -g -D_LARGEFILE_SOURCE -D_FILE_OFFSET_BITS=64 -I/usr/local/cwp/src/USU/src/app_su/cwp/include -I/usr/local/cwp/src/USU/src/app_su/slt/include -DLIB_OBJ   -c -o fg2bg.o fg2bg.c
gcc -DLINUX=1 -g -D_LARGEFILE_SOURCE -D_FILE_OFFSET_BITS=64 -I/usr/local/cwp/src/USU/src/app_su/cwp/include -I/usr/local/cwp/src/USU/src/app_su/slt/include -DLIB_OBJ   -c -o garnish.o garnish.c
gcc -DLINUX=1 -g -D_LARGEFILE_SOURCE -D_FILE_OFFSET_BITS=64 -I/usr/local/cwp/src/USU/src/app_su/cwp/include -I/usr/local/cwp/src/USU/src/app_su/slt/include -DLIB_OBJ   -c -o image.o image.c
gcc -DLINUX=1 -g -D_LARGEFILE_SOURCE -D_FILE_OFFSET_BITS=64 -I/usr/local/cwp/src/USU/src/app_su/cwp/include -I/usr/local/cwp/src/USU/src/app_su/slt/include -DLIB_OBJ   -c -o legendbox.o legendbox.c
gcc -DLINUX=1 -g -D_LARGEFILE_SOURCE -D_FILE_OFFSET_BITS=64 -I/usr/local/cwp/src/USU/src/app_su/cwp/include -I/usr/local/cwp/src/USU/src/app_su/slt/include -DLIB_OBJ   -c -o rubberbox.o rubberbox.c
gcc -DLINUX=1 -g -D_LARGEFILE_SOURCE -D_FILE_OFFSET_BITS=64 -I/usr/local/cwp/src/USU/src/app_su/cwp/include -I/usr/local/cwp/src/USU/src/app_su/slt/include -DLIB_OBJ   -c -o window.o window.c
gcc -DLINUX=1 -g -D_LARGEFILE_SOURCE -D_FILE_OFFSET_BITS=64 -I/usr/local/cwp/src/USU/src/app_su/cwp/include -I/usr/local/cwp/src/USU/src/app_su/slt/include -DLIB_OBJ   -c -o xContour.o xContour.c
ar crv libxplot.a axesbox.o colormap.o dump2xgraph.o dump2xplot.o fg2bg.o garnish.o image.o legendbox.o rubberbox.o window.o xContour.o 
a - axesbox.o
a - colormap.o
a - dump2xgraph.o
a - dump2xplot.o
a - fg2bg.o
a - garnish.o
a - image.o
a - legendbox.o
a - rubberbox.o
a - window.o
a - xContour.o
Installing libxplot.a in /usr/local/cwp/src/USU/src/app_su/Linux_2.6_i686/lib
rm -f /usr/local/cwp/src/USU/src/app_su/Linux_2.6_i686/lib/libxplot.a
cp libxplot.a /usr/local/cwp/src/USU/src/app_su/Linux_2.6_i686/lib/libxplot.a
make[2]: Leaving directory `/LinuxMount/usr/local/cwp/src/USU/src/app_su/cwp/src/xplot/lib'
make[2]: Entering directory `/LinuxMount/usr/local/cwp/src/USU/src/app_su/slt/src/grid/lib'
gcc -DLINUX=1 -g -D_LARGEFILE_SOURCE -D_FILE_OFFSET_BITS=64 -I/usr/local/cwp/src/USU/src/app_su/cwp/include -I/usr/local/cwp/src/USU/src/app_su/slt/include -DLIB_OBJ   -c -o grids.o grids.c
f77 -g   -c -o l2g.o l2g.f
gcc -DLINUX=1 -g -D_LARGEFILE_SOURCE -D_FILE_OFFSET_BITS=64 -I/usr/local/cwp/src/USU/src/app_su/cwp/include -I/usr/local/cwp/src/USU/src/app_su/slt/include -DLIB_OBJ   -c -o usgheds.o usgheds.c
ar crv libgrid.a grids.o l2g.o usgheds.o 
a - grids.o
a - l2g.o
a - usgheds.o
Installing libgrid.a in /usr/local/cwp/src/USU/src/app_su/Linux_2.6_i686/lib
rm -f /usr/local/cwp/src/USU/src/app_su/Linux_2.6_i686/lib/libgrid.a
cp libgrid.a /usr/local/cwp/src/USU/src/app_su/Linux_2.6_i686/lib/libgrid.a
make[2]: Leaving directory `/LinuxMount/usr/local/cwp/src/USU/src/app_su/slt/src/grid/lib'
make[2]: Entering directory `/LinuxMount/usr/local/cwp/src/USU/src/app_su/slt/src/su/lib'
f77 -g   -c -o dipscn.o dipscn.f
f77 -g   -c -o dpf.o dpf.f
f77 -g   -c -o f2p5.o f2p5.f
gcc -DLINUX=1 -g -D_LARGEFILE_SOURCE -D_FILE_OFFSET_BITS=64 -I/usr/local/cwp/src/USU/src/app_su/cwp/include -I/usr/local/cwp/src/USU/src/app_su/slt/include -DLIB_OBJ   -c -o itov.o itov.c
gcc -DLINUX=1 -g -D_LARGEFILE_SOURCE -D_FILE_OFFSET_BITS=64 -I/usr/local/cwp/src/USU/src/app_su/cwp/include -I/usr/local/cwp/src/USU/src/app_su/slt/include -DLIB_OBJ   -c -o sl2xy.o sl2xy.c
gcc -DLINUX=1 -g -D_LARGEFILE_SOURCE -D_FILE_OFFSET_BITS=64 -I/usr/local/cwp/src/USU/src/app_su/cwp/include -I/usr/local/cwp/src/USU/src/app_su/slt/include -DLIB_OBJ   -c -o sl2xydb.o sl2xydb.c
gcc -DLINUX=1 -g -D_LARGEFILE_SOURCE -D_FILE_OFFSET_BITS=64 -I/usr/local/cwp/src/USU/src/app_su/cwp/include -I/usr/local/cwp/src/USU/src/app_su/slt/include -DLIB_OBJ   -c -o tar3.o tar3.c
gcc -DLINUX=1 -g -D_LARGEFILE_SOURCE -D_FILE_OFFSET_BITS=64 -I/usr/local/cwp/src/USU/src/app_su/cwp/include -I/usr/local/cwp/src/USU/src/app_su/slt/include -DLIB_OBJ   -c -o xy2sl.o xy2sl.c
gcc -DLINUX=1 -g -D_LARGEFILE_SOURCE -D_FILE_OFFSET_BITS=64 -I/usr/local/cwp/src/USU/src/app_su/cwp/include -I/usr/local/cwp/src/USU/src/app_su/slt/include -DLIB_OBJ   -c -o xy2sldb.o xy2sldb.c
gcc -DLINUX=1 -g -D_LARGEFILE_SOURCE -D_FILE_OFFSET_BITS=64 -I/usr/local/cwp/src/USU/src/app_su/cwp/include -I/usr/local/cwp/src/USU/src/app_su/slt/include -DLIB_OBJ   -c -o ReadGather.o ReadGather.c
ar crv libusu.a dipscn.o dpf.o f2p5.o itov.o sl2xy.o sl2xydb.o tar3.o xy2sl.o xy2sldb.o ReadGather.o 
a - dipscn.o
a - dpf.o
a - f2p5.o
a - itov.o
a - sl2xy.o
a - sl2xydb.o
a - tar3.o
a - xy2sl.o
a - xy2sldb.o
a - ReadGather.o
Installing libusu.a in /usr/local/cwp/src/USU/src/app_su/Linux_2.6_i686/lib
rm -f /usr/local/cwp/src/USU/src/app_su/Linux_2.6_i686/lib/libusu.a
cp libusu.a /usr/local/cwp/src/USU/src/app_su/Linux_2.6_i686/lib/libusu.a
make[2]: Leaving directory `/LinuxMount/usr/local/cwp/src/USU/src/app_su/slt/src/su/lib'
make[2]: Entering directory `/LinuxMount/usr/local/cwp/src/USU/src/app_su/slt/src/velo/lib'
gcc -DLINUX=1 -g -D_LARGEFILE_SOURCE -D_FILE_OFFSET_BITS=64 -I/usr/local/cwp/src/USU/src/app_su/cwp/include -I/usr/local/cwp/src/USU/src/app_su/slt/include -DLIB_OBJ   -c -o dvdzread.o dvdzread.c
gcc -DLINUX=1 -g -D_LARGEFILE_SOURCE -D_FILE_OFFSET_BITS=64 -I/usr/local/cwp/src/USU/src/app_su/cwp/include -I/usr/local/cwp/src/USU/src/app_su/slt/include -DLIB_OBJ   -c -o printavf.o printavf.c
gcc -DLINUX=1 -g -D_LARGEFILE_SOURCE -D_FILE_OFFSET_BITS=64 -I/usr/local/cwp/src/USU/src/app_su/cwp/include -I/usr/local/cwp/src/USU/src/app_su/slt/include -DLIB_OBJ   -c -o printhvel.o printhvel.c
gcc -DLINUX=1 -g -D_LARGEFILE_SOURCE -D_FILE_OFFSET_BITS=64 -I/usr/local/cwp/src/USU/src/app_su/cwp/include -I/usr/local/cwp/src/USU/src/app_su/slt/include -DLIB_OBJ   -c -o printhvel2.o printhvel2.c
gcc -DLINUX=1 -g -D_LARGEFILE_SOURCE -D_FILE_OFFSET_BITS=64 -I/usr/local/cwp/src/USU/src/app_su/cwp/include -I/usr/local/cwp/src/USU/src/app_su/slt/include -DLIB_OBJ   -c -o printhvelxy.o printhvelxy.c
gcc -DLINUX=1 -g -D_LARGEFILE_SOURCE -D_FILE_OFFSET_BITS=64 -I/usr/local/cwp/src/USU/src/app_su/cwp/include -I/usr/local/cwp/src/USU/src/app_su/slt/include -DLIB_OBJ   -c -o printsc3d.o printsc3d.c
gcc -DLINUX=1 -g -D_LARGEFILE_SOURCE -D_FILE_OFFSET_BITS=64 -I/usr/local/cwp/src/USU/src/app_su/cwp/include -I/usr/local/cwp/src/USU/src/app_su/slt/include -DLIB_OBJ   -c -o printvs3d.o printvs3d.c
gcc -DLINUX=1 -g -D_LARGEFILE_SOURCE -D_FILE_OFFSET_BITS=64 -I/usr/local/cwp/src/USU/src/app_su/cwp/include -I/usr/local/cwp/src/USU/src/app_su/slt/include -DLIB_OBJ   -c -o readhvel.o readhvel.c
gcc -DLINUX=1 -g -D_LARGEFILE_SOURCE -D_FILE_OFFSET_BITS=64 -I/usr/local/cwp/src/USU/src/app_su/cwp/include -I/usr/local/cwp/src/USU/src/app_su/slt/include -DLIB_OBJ   -c -o readvs3d.o readvs3d.c
gcc -DLINUX=1 -g -D_LARGEFILE_SOURCE -D_FILE_OFFSET_BITS=64 -I/usr/local/cwp/src/USU/src/app_su/cwp/include -I/usr/local/cwp/src/USU/src/app_su/slt/include -DLIB_OBJ   -c -o removeinv.o removeinv.c
gcc -DLINUX=1 -g -D_LARGEFILE_SOURCE -D_FILE_OFFSET_BITS=64 -I/usr/local/cwp/src/USU/src/app_su/cwp/include -I/usr/local/cwp/src/USU/src/app_su/slt/include -DLIB_OBJ   -c -o vconvert.o vconvert.c
gcc -DLINUX=1 -g -D_LARGEFILE_SOURCE -D_FILE_OFFSET_BITS=64 -I/usr/local/cwp/src/USU/src/app_su/cwp/include -I/usr/local/cwp/src/USU/src/app_su/slt/include -DLIB_OBJ   -c -o velfread.o velfread.c
gcc -DLINUX=1 -g -D_LARGEFILE_SOURCE -D_FILE_OFFSET_BITS=64 -I/usr/local/cwp/src/USU/src/app_su/cwp/include -I/usr/local/cwp/src/USU/src/app_su/slt/include -DLIB_OBJ   -c -o veloread.o veloread.c
f77 -g   -c -o vg.o vg.f
gcc -DLINUX=1 -g -D_LARGEFILE_SOURCE -D_FILE_OFFSET_BITS=64 -I/usr/local/cwp/src/USU/src/app_su/cwp/include -I/usr/local/cwp/src/USU/src/app_su/slt/include -DLIB_OBJ   -c -o vsm3d.o vsm3d.c
f77 -g   -c -o vsmsub.o vsmsub.f
gcc -DLINUX=1 -g -D_LARGEFILE_SOURCE -D_FILE_OFFSET_BITS=64 -I/usr/local/cwp/src/USU/src/app_su/cwp/include -I/usr/local/cwp/src/USU/src/app_su/slt/include -DLIB_OBJ   -c -o vsubs.o vsubs.c
gcc -DLINUX=1 -g -D_LARGEFILE_SOURCE -D_FILE_OFFSET_BITS=64 -I/usr/local/cwp/src/USU/src/app_su/cwp/include -I/usr/local/cwp/src/USU/src/app_su/slt/include -DLIB_OBJ   -c -o wavel.o wavel.c
ar crv libvelo.a dvdzread.o printavf.o printhvel.o printhvel2.o printhvelxy.o printsc3d.o printvs3d.o readhvel.o readvs3d.o removeinv.o vconvert.o velfread.o veloread.o vg.o vsm3d.o vsmsub.o vsubs.o wavel.o 
a - dvdzread.o
a - printavf.o
a - printhvel.o
a - printhvel2.o
a - printhvelxy.o
a - printsc3d.o
a - printvs3d.o
a - readhvel.o
a - readvs3d.o
a - removeinv.o
a - vconvert.o
a - velfread.o
a - veloread.o
a - vg.o
a - vsm3d.o
a - vsmsub.o
a - vsubs.o
a - wavel.o
Installing libvelo.a in /usr/local/cwp/src/USU/src/app_su/Linux_2.6_i686/lib
rm -f /usr/local/cwp/src/USU/src/app_su/Linux_2.6_i686/lib/libvelo.a
cp libvelo.a /usr/local/cwp/src/USU/src/app_su/Linux_2.6_i686/lib/libvelo.a
make[2]: Leaving directory `/LinuxMount/usr/local/cwp/src/USU/src/app_su/slt/src/velo/lib'
make[2]: Entering directory `/LinuxMount/usr/local/cwp/src/USU/src/app_su/slt/src/wgc/lib'
gcc -DLINUX=1 -g -D_LARGEFILE_SOURCE -D_FILE_OFFSET_BITS=64 -I/usr/local/cwp/src/USU/src/app_su/cwp/include -I/usr/local/cwp/src/USU/src/app_su/slt/include -DLIB_OBJ   -c -o ebcasc.o ebcasc.c
gcc -DLINUX=1 -g -D_LARGEFILE_SOURCE -D_FILE_OFFSET_BITS=64 -I/usr/local/cwp/src/USU/src/app_su/cwp/include -I/usr/local/cwp/src/USU/src/app_su/slt/include -DLIB_OBJ   -c -o wgc2sgy.o wgc2sgy.c
ar crv libwgc.a ebcasc.o wgc2sgy.o 
a - ebcasc.o
a - wgc2sgy.o
Installing libwgc.a in /usr/local/cwp/src/USU/src/app_su/Linux_2.6_i686/lib
rm -f /usr/local/cwp/src/USU/src/app_su/Linux_2.6_i686/lib/libwgc.a
cp libwgc.a /usr/local/cwp/src/USU/src/app_su/Linux_2.6_i686/lib/libwgc.a
make[2]: Leaving directory `/LinuxMount/usr/local/cwp/src/USU/src/app_su/slt/src/wgc/lib'
make[2]: Entering directory `/LinuxMount/usr/local/cwp/src/USU/src/app_su/slt/src/fxymig/lib'
f77 -g   -c -o errcom.o errcom.f
f77 -g   -c -o fxysub.o fxysub.f
f77 -g   -c -o vwmig.o vwmig.f
ar crv libfxymig.a errcom.o fxysub.o vwmig.o 
a - errcom.o
a - fxysub.o
a - vwmig.o
Installing libfxymig.a in /usr/local/cwp/src/USU/src/app_su/Linux_2.6_i686/lib
rm -f /usr/local/cwp/src/USU/src/app_su/Linux_2.6_i686/lib/libfxymig.a
cp libfxymig.a /usr/local/cwp/src/USU/src/app_su/Linux_2.6_i686/lib/libfxymig.a
make[2]: Leaving directory `/LinuxMount/usr/local/cwp/src/USU/src/app_su/slt/src/fxymig/lib'
make[2]: Entering directory `/LinuxMount/usr/local/cwp/src/USU/src/app_su/slt/src/ktmig/lib'
f77 -g   -c -o f2p5.o f2p5.f
f77 -g   -c -o fhicut.o fhicut.f
f77 -g   -c -o ktm.o ktm.f
f77 -g   -c -o vm.o vm.f
ar crv libktmig.a f2p5.o fhicut.o ktm.o vm.o 
a - f2p5.o
a - fhicut.o
a - ktm.o
a - vm.o
Installing libktmig.a in /usr/local/cwp/src/USU/src/app_su/Linux_2.6_i686/lib
rm -f /usr/local/cwp/src/USU/src/app_su/Linux_2.6_i686/lib/libktmig.a
cp libktmig.a /usr/local/cwp/src/USU/src/app_su/Linux_2.6_i686/lib/libktmig.a
make[2]: Leaving directory `/LinuxMount/usr/local/cwp/src/USU/src/app_su/slt/src/ktmig/lib'
make[2]: Entering directory `/LinuxMount/usr/local/cwp/src/USU/src/app_su/slt/src/kzmig/lib'
f77 -g   -c -o kzm.o kzm.f
f77 -g   -c -o migsub.o migsub.f
ar crv libkzmig.a kzm.o migsub.o 
a - kzm.o
a - migsub.o
Installing libkzmig.a in /usr/local/cwp/src/USU/src/app_su/Linux_2.6_i686/lib
rm -f /usr/local/cwp/src/USU/src/app_su/Linux_2.6_i686/lib/libkzmig.a
cp libkzmig.a /usr/local/cwp/src/USU/src/app_su/Linux_2.6_i686/lib/libkzmig.a
make[2]: Leaving directory `/LinuxMount/usr/local/cwp/src/USU/src/app_su/slt/src/kzmig/lib'
make[2]: Entering directory `/LinuxMount/usr/local/cwp/src/USU/src/app_su/slt/src/rayt3d/lib'
f77 -g   -c -o dv2.o dv2.f
f77 -g   -c -o ov2int.o ov2int.f
f77 -g   -c -o ray3d.o ray3d.f
f77 -g   -c -o raytime.o raytime.f
f77 -g   -c -o rt3dp.o rt3dp.f
f77 -g   -c -o trans.o trans.f
f77 -g   -c -o vel3d.o vel3d.f
ar crv librayt3d.a dv2.o ov2int.o ray3d.o raytime.o rt3dp.o trans.o vel3d.o 
a - dv2.o
a - ov2int.o
a - ray3d.o
a - raytime.o
a - rt3dp.o
a - trans.o
a - vel3d.o
Installing librayt3d.a in /usr/local/cwp/src/USU/src/app_su/Linux_2.6_i686/lib
rm -f /usr/local/cwp/src/USU/src/app_su/Linux_2.6_i686/lib/librayt3d.a
cp librayt3d.a /usr/local/cwp/src/USU/src/app_su/Linux_2.6_i686/lib/librayt3d.a
make[2]: Leaving directory `/LinuxMount/usr/local/cwp/src/USU/src/app_su/slt/src/rayt3d/lib'
make[2]: Entering directory `/LinuxMount/usr/local/cwp/src/USU/src/app_su/slt/src/umisc/lib'
f77 -g   -c -o agc.o agc.f
f77 -g   -c -o bilint.o bilint.f
f77 -g   -c -o cancel.o cancel.f
f77 -g   -c -o cfft.o cfft.f
f77 -g   -c -o cfft2d.o cfft2d.f
f77 -g   -c -o ctris.o ctris.f
f77 -g   -c -o diskio.o diskio.f
f77 -g   -c -o dskmpx.o dskmpx.f
f77 -g   -c -o dummyopen.o dummyopen.f
f77 -g   -c -o four1.o four1.f
f77 -g   -c -o ftncls.o ftncls.f
gcc -DLINUX=1 -g -D_LARGEFILE_SOURCE -D_FILE_OFFSET_BITS=64 -I/usr/local/cwp/src/USU/src/app_su/cwp/include -I/usr/local/cwp/src/USU/src/app_su/slt/include -DLIB_OBJ   -c -o gettime.o gettime.c
gcc -DLINUX=1 -g -D_LARGEFILE_SOURCE -D_FILE_OFFSET_BITS=64 -I/usr/local/cwp/src/USU/src/app_su/cwp/include -I/usr/local/cwp/src/USU/src/app_su/slt/include -DLIB_OBJ   -c -o ieeefinite.o ieeefinite.c
f77 -g   -c -o intp2d.o intp2d.f
gcc -DLINUX=1 -g -D_LARGEFILE_SOURCE -D_FILE_OFFSET_BITS=64 -I/usr/local/cwp/src/USU/src/app_su/cwp/include -I/usr/local/cwp/src/USU/src/app_su/slt/include -DLIB_OBJ   -c -o intsln.o intsln.c
f77 -g   -c -o lens.o lens.f
gcc -DLINUX=1 -g -D_LARGEFILE_SOURCE -D_FILE_OFFSET_BITS=64 -I/usr/local/cwp/src/USU/src/app_su/cwp/include -I/usr/local/cwp/src/USU/src/app_su/slt/include -DLIB_OBJ   -c -o linefit.o linefit.c
f77 -g   -c -o linint.o linint.f
gcc -DLINUX=1 -g -D_LARGEFILE_SOURCE -D_FILE_OFFSET_BITS=64 -I/usr/local/cwp/src/USU/src/app_su/cwp/include -I/usr/local/cwp/src/USU/src/app_su/slt/include -DLIB_OBJ   -c -o msgsc.o msgsc.c
gcc -DLINUX=1 -g -D_LARGEFILE_SOURCE -D_FILE_OFFSET_BITS=64 -I/usr/local/cwp/src/USU/src/app_su/cwp/include -I/usr/local/cwp/src/USU/src/app_su/slt/include -DLIB_OBJ   -c -o pfft2d.o pfft2d.c
f77 -g   -c -o pol3coe.o pol3coe.f
f77 -g   -c -o polyint.o polyint.f
f77 -g   -c -o qcksrt.o qcksrt.f
f77 -g   -c -o qcksti.o qcksti.f
gcc -DLINUX=1 -g -D_LARGEFILE_SOURCE -D_FILE_OFFSET_BITS=64 -I/usr/local/cwp/src/USU/src/app_su/cwp/include -I/usr/local/cwp/src/USU/src/app_su/slt/include -DLIB_OBJ   -c -o qkisort.o qkisort.c
f77 -g   -c -o radix.o radix.f
f77 -g   -c -o rfft.o rfft.f
f77 -g   -c -o smooth.o smooth.f
f77 -g   -c -o spint.o spint.f
f77 -g   -c -o tp.o tp.f
f77 -g   -c -o v2tris.o v2tris.f
f77 -g   -c -o vctris.o vctris.f
f77 -g   -c -o vrfft.o vrfft.f
f77 -g   -c -o zeroal.o zeroal.f
ar crv libumisc.a agc.o bilint.o cancel.o cfft.o cfft2d.o ctris.o diskio.o dskmpx.o dummyopen.o four1.o ftncls.o gettime.o ieeefinite.o intp2d.o intsln.o lens.o linefit.o linint.o msgsc.o pfft2d.o pol3coe.o polyint.o qcksrt.o qcksti.o qkisort.o radix.o rfft.o smooth.o spint.o tp.o v2tris.o vctris.o vrfft.o zeroal.o 
a - agc.o
a - bilint.o
a - cancel.o
a - cfft.o
a - cfft2d.o
a - ctris.o
a - diskio.o
a - dskmpx.o
a - dummyopen.o
a - four1.o
a - ftncls.o
a - gettime.o
a - ieeefinite.o
a - intp2d.o
a - intsln.o
a - lens.o
a - linefit.o
a - linint.o
a - msgsc.o
a - pfft2d.o
a - pol3coe.o
a - polyint.o
a - qcksrt.o
a - qcksti.o
a - qkisort.o
a - radix.o
a - rfft.o
a - smooth.o
a - spint.o
a - tp.o
a - v2tris.o
a - vctris.o
a - vrfft.o
a - zeroal.o
Installing libumisc.a in /usr/local/cwp/src/USU/src/app_su/Linux_2.6_i686/lib
rm -f /usr/local/cwp/src/USU/src/app_su/Linux_2.6_i686/lib/libumisc.a
cp libumisc.a /usr/local/cwp/src/USU/src/app_su/Linux_2.6_i686/lib/libumisc.a
make[2]: Leaving directory `/LinuxMount/usr/local/cwp/src/USU/src/app_su/slt/src/umisc/lib'
for I in slt/src/grid/main slt/src/par/main slt/src/pc/main slt/src/su/main slt/src/velo/main slt/src/fxymig/main slt/src/ktmig/main slt/src/kzmig/main slt/src/rayt3d/main ;                 \
           do                             \
           cd ${I};                      \
           make;                          \
           cd /usr/local/cwp/src/USU/src/app_su;       \
        done
make[2]: Entering directory `/LinuxMount/usr/local/cwp/src/USU/src/app_su/slt/src/grid/main'
gcc -DLINUX=1 -g -D_LARGEFILE_SOURCE -D_FILE_OFFSET_BITS=64 -I/usr/local/cwp/src/USU/src/app_su/cwp/include -I/usr/local/cwp/src/USU/src/app_su/slt/include    grid2curve.c  -L/usr/X11R6/lib -L/usr/local/cwp/src/USU/src/app_su/Linux_2.6_i686/lib  -lXt -lX11 -lwgc -lgrid -lvelo -lumisc -lusu -lxplot -lsu -lpar -lcwp -lm -lc  -o grid2curve
gcc -DLINUX=1 -g -D_LARGEFILE_SOURCE -D_FILE_OFFSET_BITS=64 -I/usr/local/cwp/src/USU/src/app_su/cwp/include -I/usr/local/cwp/src/USU/src/app_su/slt/include    grid2hg.c  -L/usr/X11R6/lib -L/usr/local/cwp/src/USU/src/app_su/Linux_2.6_i686/lib  -lXt -lX11 -lwgc -lgrid -lvelo -lumisc -lusu -lxplot -lsu -lpar -lcwp -lm -lc  -o grid2hg
gcc -DLINUX=1 -g -D_LARGEFILE_SOURCE -D_FILE_OFFSET_BITS=64 -I/usr/local/cwp/src/USU/src/app_su/cwp/include -I/usr/local/cwp/src/USU/src/app_su/slt/include    grid2horz.c  -L/usr/X11R6/lib -L/usr/local/cwp/src/USU/src/app_su/Linux_2.6_i686/lib  -lXt -lX11 -lwgc -lgrid -lvelo -lumisc -lusu -lxplot -lsu -lpar -lcwp -lm -lc  -o grid2horz
gcc -DLINUX=1 -g -D_LARGEFILE_SOURCE -D_FILE_OFFSET_BITS=64 -I/usr/local/cwp/src/USU/src/app_su/cwp/include -I/usr/local/cwp/src/USU/src/app_su/slt/include    grid2lmk.c  -L/usr/X11R6/lib -L/usr/local/cwp/src/USU/src/app_su/Linux_2.6_i686/lib  -lXt -lX11 -lwgc -lgrid -lvelo -lumisc -lusu -lxplot -lsu -lpar -lcwp -lm -lc  -o grid2lmk
gcc -DLINUX=1 -g -D_LARGEFILE_SOURCE -D_FILE_OFFSET_BITS=64 -I/usr/local/cwp/src/USU/src/app_su/cwp/include -I/usr/local/cwp/src/USU/src/app_su/slt/include    grid2su.c  -L/usr/X11R6/lib -L/usr/local/cwp/src/USU/src/app_su/Linux_2.6_i686/lib  -lXt -lX11 -lwgc -lgrid -lvelo -lumisc -lusu -lxplot -lsu -lpar -lcwp -lm -lc  -o grid2su
gcc -DLINUX=1 -g -D_LARGEFILE_SOURCE -D_FILE_OFFSET_BITS=64 -I/usr/local/cwp/src/USU/src/app_su/cwp/include -I/usr/local/cwp/src/USU/src/app_su/slt/include    grid3dto2d.c  -L/usr/X11R6/lib -L/usr/local/cwp/src/USU/src/app_su/Linux_2.6_i686/lib  -lXt -lX11 -lwgc -lgrid -lvelo -lumisc -lusu -lxplot -lsu -lpar -lcwp -lm -lc  -o grid3dto2d
gcc -DLINUX=1 -g -D_LARGEFILE_SOURCE -D_FILE_OFFSET_BITS=64 -I/usr/local/cwp/src/USU/src/app_su/cwp/include -I/usr/local/cwp/src/USU/src/app_su/slt/include    grid4d.c  -L/usr/X11R6/lib -L/usr/local/cwp/src/USU/src/app_su/Linux_2.6_i686/lib  -lXt -lX11 -lwgc -lgrid -lvelo -lumisc -lusu -lxplot -lsu -lpar -lcwp -lm -lc  -o grid4d
gcc -DLINUX=1 -g -D_LARGEFILE_SOURCE -D_FILE_OFFSET_BITS=64 -I/usr/local/cwp/src/USU/src/app_su/cwp/include -I/usr/local/cwp/src/USU/src/app_su/slt/include    gridatlayer.c  -L/usr/X11R6/lib -L/usr/local/cwp/src/USU/src/app_su/Linux_2.6_i686/lib  -lXt -lX11 -lwgc -lgrid -lvelo -lumisc -lusu -lxplot -lsu -lpar -lcwp -lm -lc  -o gridatlayer
gcc -DLINUX=1 -g -D_LARGEFILE_SOURCE -D_FILE_OFFSET_BITS=64 -I/usr/local/cwp/src/USU/src/app_su/cwp/include -I/usr/local/cwp/src/USU/src/app_su/slt/include    gridclean.c  -L/usr/X11R6/lib -L/usr/local/cwp/src/USU/src/app_su/Linux_2.6_i686/lib  -lXt -lX11 -lwgc -lgrid -lvelo -lumisc -lusu -lxplot -lsu -lpar -lcwp -lm -lc  -o gridclean
gcc -DLINUX=1 -g -D_LARGEFILE_SOURCE -D_FILE_OFFSET_BITS=64 -I/usr/local/cwp/src/USU/src/app_su/cwp/include -I/usr/local/cwp/src/USU/src/app_su/slt/include    gridclip.c  -L/usr/X11R6/lib -L/usr/local/cwp/src/USU/src/app_su/Linux_2.6_i686/lib  -lXt -lX11 -lwgc -lgrid -lvelo -lumisc -lusu -lxplot -lsu -lpar -lcwp -lm -lc  -o gridclip
gcc -DLINUX=1 -g -D_LARGEFILE_SOURCE -D_FILE_OFFSET_BITS=64 -I/usr/local/cwp/src/USU/src/app_su/cwp/include -I/usr/local/cwp/src/USU/src/app_su/slt/include    griddeform.c  -L/usr/X11R6/lib -L/usr/local/cwp/src/USU/src/app_su/Linux_2.6_i686/lib  -lXt -lX11 -lwgc -lgrid -lvelo -lumisc -lusu -lxplot -lsu -lpar -lcwp -lm -lc  -o griddeform
gcc -DLINUX=1 -g -D_LARGEFILE_SOURCE -D_FILE_OFFSET_BITS=64 -I/usr/local/cwp/src/USU/src/app_su/cwp/include -I/usr/local/cwp/src/USU/src/app_su/slt/include    gridderi.c  -L/usr/X11R6/lib -L/usr/local/cwp/src/USU/src/app_su/Linux_2.6_i686/lib  -lXt -lX11 -lwgc -lgrid -lvelo -lumisc -lusu -lxplot -lsu -lpar -lcwp -lm -lc  -o gridderi
gcc -DLINUX=1 -g -D_LARGEFILE_SOURCE -D_FILE_OFFSET_BITS=64 -I/usr/local/cwp/src/USU/src/app_su/cwp/include -I/usr/local/cwp/src/USU/src/app_su/slt/include    gridfilter.c  -L/usr/X11R6/lib -L/usr/local/cwp/src/USU/src/app_su/Linux_2.6_i686/lib  -lXt -lX11 -lwgc -lgrid -lvelo -lumisc -lusu -lxplot -lsu -lpar -lcwp -lm -lc  -o gridfilter
gcc -DLINUX=1 -g -D_LARGEFILE_SOURCE -D_FILE_OFFSET_BITS=64 -I/usr/local/cwp/src/USU/src/app_su/cwp/include -I/usr/local/cwp/src/USU/src/app_su/slt/include    gridheader.c  -L/usr/X11R6/lib -L/usr/local/cwp/src/USU/src/app_su/Linux_2.6_i686/lib  -lXt -lX11 -lwgc -lgrid -lvelo -lumisc -lusu -lxplot -lsu -lpar -lcwp -lm -lc  -o gridheader
gcc -DLINUX=1 -g -D_LARGEFILE_SOURCE -D_FILE_OFFSET_BITS=64 -I/usr/local/cwp/src/USU/src/app_su/cwp/include -I/usr/local/cwp/src/USU/src/app_su/slt/include    gridmerge.c  -L/usr/X11R6/lib -L/usr/local/cwp/src/USU/src/app_su/Linux_2.6_i686/lib  -lXt -lX11 -lwgc -lgrid -lvelo -lumisc -lusu -lxplot -lsu -lpar -lcwp -lm -lc  -o gridmerge
gcc -DLINUX=1 -g -D_LARGEFILE_SOURCE -D_FILE_OFFSET_BITS=64 -I/usr/local/cwp/src/USU/src/app_su/cwp/include -I/usr/local/cwp/src/USU/src/app_su/slt/include    gridop2.c  -L/usr/X11R6/lib -L/usr/local/cwp/src/USU/src/app_su/Linux_2.6_i686/lib  -lXt -lX11 -lwgc -lgrid -lvelo -lumisc -lusu -lxplot -lsu -lpar -lcwp -lm -lc  -o gridop2
gcc -DLINUX=1 -g -D_LARGEFILE_SOURCE -D_FILE_OFFSET_BITS=64 -I/usr/local/cwp/src/USU/src/app_su/cwp/include -I/usr/local/cwp/src/USU/src/app_su/slt/include    gridrotate.c  -L/usr/X11R6/lib -L/usr/local/cwp/src/USU/src/app_su/Linux_2.6_i686/lib  -lXt -lX11 -lwgc -lgrid -lvelo -lumisc -lusu -lxplot -lsu -lpar -lcwp -lm -lc  -o gridrotate
gcc -DLINUX=1 -g -D_LARGEFILE_SOURCE -D_FILE_OFFSET_BITS=64 -I/usr/local/cwp/src/USU/src/app_su/cwp/include -I/usr/local/cwp/src/USU/src/app_su/slt/include    gridrvse.c  -L/usr/X11R6/lib -L/usr/local/cwp/src/USU/src/app_su/Linux_2.6_i686/lib  -lXt -lX11 -lwgc -lgrid -lvelo -lumisc -lusu -lxplot -lsu -lpar -lcwp -lm -lc  -o gridrvse
gcc -DLINUX=1 -g -D_LARGEFILE_SOURCE -D_FILE_OFFSET_BITS=64 -I/usr/local/cwp/src/USU/src/app_su/cwp/include -I/usr/local/cwp/src/USU/src/app_su/slt/include    grids3.c  -L/usr/X11R6/lib -L/usr/local/cwp/src/USU/src/app_su/Linux_2.6_i686/lib  -lXt -lX11 -lwgc -lgrid -lvelo -lumisc -lusu -lxplot -lsu -lpar -lcwp -lm -lc  -o grids3
gcc -DLINUX=1 -g -D_LARGEFILE_SOURCE -D_FILE_OFFSET_BITS=64 -I/usr/local/cwp/src/USU/src/app_su/cwp/include -I/usr/local/cwp/src/USU/src/app_su/slt/include    gridsalt.c  -L/usr/X11R6/lib -L/usr/local/cwp/src/USU/src/app_su/Linux_2.6_i686/lib  -lXt -lX11 -lwgc -lgrid -lvelo -lumisc -lusu -lxplot -lsu -lpar -lcwp -lm -lc  -o gridsalt
gcc -DLINUX=1 -g -D_LARGEFILE_SOURCE -D_FILE_OFFSET_BITS=64 -I/usr/local/cwp/src/USU/src/app_su/cwp/include -I/usr/local/cwp/src/USU/src/app_su/slt/include    gridsalthrz.c  -L/usr/X11R6/lib -L/usr/local/cwp/src/USU/src/app_su/Linux_2.6_i686/lib  -lXt -lX11 -lwgc -lgrid -lvelo -lumisc -lusu -lxplot -lsu -lpar -lcwp -lm -lc  -o gridsalthrz
gcc -DLINUX=1 -g -D_LARGEFILE_SOURCE -D_FILE_OFFSET_BITS=64 -I/usr/local/cwp/src/USU/src/app_su/cwp/include -I/usr/local/cwp/src/USU/src/app_su/slt/include    gridsc3d.c  -L/usr/X11R6/lib -L/usr/local/cwp/src/USU/src/app_su/Linux_2.6_i686/lib  -lXt -lX11 -lwgc -lgrid -lvelo -lumisc -lusu -lxplot -lsu -lpar -lcwp -lm -lc  -o gridsc3d
gcc -DLINUX=1 -g -D_LARGEFILE_SOURCE -D_FILE_OFFSET_BITS=64 -I/usr/local/cwp/src/USU/src/app_su/cwp/include -I/usr/local/cwp/src/USU/src/app_su/slt/include    gridsediment.c  -L/usr/X11R6/lib -L/usr/local/cwp/src/USU/src/app_su/Linux_2.6_i686/lib  -lXt -lX11 -lwgc -lgrid -lvelo -lumisc -lusu -lxplot -lsu -lpar -lcwp -lm -lc  -o gridsediment
gcc -DLINUX=1 -g -D_LARGEFILE_SOURCE -D_FILE_OFFSET_BITS=64 -I/usr/local/cwp/src/USU/src/app_su/cwp/include -I/usr/local/cwp/src/USU/src/app_su/slt/include    gridsedrate.c  -L/usr/X11R6/lib -L/usr/local/cwp/src/USU/src/app_su/Linux_2.6_i686/lib  -lXt -lX11 -lwgc -lgrid -lvelo -lumisc -lusu -lxplot -lsu -lpar -lcwp -lm -lc  -o gridsedrate
gcc -DLINUX=1 -g -D_LARGEFILE_SOURCE -D_FILE_OFFSET_BITS=64 -I/usr/local/cwp/src/USU/src/app_su/cwp/include -I/usr/local/cwp/src/USU/src/app_su/slt/include    gridshift.c  -L/usr/X11R6/lib -L/usr/local/cwp/src/USU/src/app_su/Linux_2.6_i686/lib  -lXt -lX11 -lwgc -lgrid -lvelo -lumisc -lusu -lxplot -lsu -lpar -lcwp -lm -lc  -o gridshift
gcc -DLINUX=1 -g -D_LARGEFILE_SOURCE -D_FILE_OFFSET_BITS=64 -I/usr/local/cwp/src/USU/src/app_su/cwp/include -I/usr/local/cwp/src/USU/src/app_su/slt/include    gridslice.c  -L/usr/X11R6/lib -L/usr/local/cwp/src/USU/src/app_su/Linux_2.6_i686/lib  -lXt -lX11 -lwgc -lgrid -lvelo -lumisc -lusu -lxplot -lsu -lpar -lcwp -lm -lc  -o gridslice
gcc -DLINUX=1 -g -D_LARGEFILE_SOURCE -D_FILE_OFFSET_BITS=64 -I/usr/local/cwp/src/USU/src/app_su/cwp/include -I/usr/local/cwp/src/USU/src/app_su/slt/include    gridstack.c  -L/usr/X11R6/lib -L/usr/local/cwp/src/USU/src/app_su/Linux_2.6_i686/lib  -lXt -lX11 -lwgc -lgrid -lvelo -lumisc -lusu -lxplot -lsu -lpar -lcwp -lm -lc  -o gridstack
gcc -DLINUX=1 -g -D_LARGEFILE_SOURCE -D_FILE_OFFSET_BITS=64 -I/usr/local/cwp/src/USU/src/app_su/cwp/include -I/usr/local/cwp/src/USU/src/app_su/slt/include    gridsubs.c  -L/usr/X11R6/lib -L/usr/local/cwp/src/USU/src/app_su/Linux_2.6_i686/lib  -lXt -lX11 -lwgc -lgrid -lvelo -lumisc -lusu -lxplot -lsu -lpar -lcwp -lm -lc  -o gridsubs
gcc -DLINUX=1 -g -D_LARGEFILE_SOURCE -D_FILE_OFFSET_BITS=64 -I/usr/local/cwp/src/USU/src/app_su/cwp/include -I/usr/local/cwp/src/USU/src/app_su/slt/include    gridthickness.c  -L/usr/X11R6/lib -L/usr/local/cwp/src/USU/src/app_su/Linux_2.6_i686/lib  -lXt -lX11 -lwgc -lgrid -lvelo -lumisc -lusu -lxplot -lsu -lpar -lcwp -lm -lc  -o gridthickness
gcc -DLINUX=1 -g -D_LARGEFILE_SOURCE -D_FILE_OFFSET_BITS=64 -I/usr/local/cwp/src/USU/src/app_su/cwp/include -I/usr/local/cwp/src/USU/src/app_su/slt/include    gridtrsp.c  -L/usr/X11R6/lib -L/usr/local/cwp/src/USU/src/app_su/Linux_2.6_i686/lib  -lXt -lX11 -lwgc -lgrid -lvelo -lumisc -lusu -lxplot -lsu -lpar -lcwp -lm -lc  -o gridtrsp
gcc -DLINUX=1 -g -D_LARGEFILE_SOURCE -D_FILE_OFFSET_BITS=64 -I/usr/local/cwp/src/USU/src/app_su/cwp/include -I/usr/local/cwp/src/USU/src/app_su/slt/include    gridtzconv.c  -L/usr/X11R6/lib -L/usr/local/cwp/src/USU/src/app_su/Linux_2.6_i686/lib  -lXt -lX11 -lwgc -lgrid -lvelo -lumisc -lusu -lxplot -lsu -lpar -lcwp -lm -lc  -o gridtzconv
gcc -DLINUX=1 -g -D_LARGEFILE_SOURCE -D_FILE_OFFSET_BITS=64 -I/usr/local/cwp/src/USU/src/app_su/cwp/include -I/usr/local/cwp/src/USU/src/app_su/slt/include    gridvelo.c  -L/usr/X11R6/lib -L/usr/local/cwp/src/USU/src/app_su/Linux_2.6_i686/lib  -lXt -lX11 -lwgc -lgrid -lvelo -lumisc -lusu -lxplot -lsu -lpar -lcwp -lm -lc  -o gridvelo
gcc -DLINUX=1 -g -D_LARGEFILE_SOURCE -D_FILE_OFFSET_BITS=64 -I/usr/local/cwp/src/USU/src/app_su/cwp/include -I/usr/local/cwp/src/USU/src/app_su/slt/include    gridwind.c  -L/usr/X11R6/lib -L/usr/local/cwp/src/USU/src/app_su/Linux_2.6_i686/lib  -lXt -lX11 -lwgc -lgrid -lvelo -lumisc -lusu -lxplot -lsu -lpar -lcwp -lm -lc  -o gridwind
gcc -DLINUX=1 -g -D_LARGEFILE_SOURCE -D_FILE_OFFSET_BITS=64 -I/usr/local/cwp/src/USU/src/app_su/cwp/include -I/usr/local/cwp/src/USU/src/app_su/slt/include    lmk2grid.c  -L/usr/X11R6/lib -L/usr/local/cwp/src/USU/src/app_su/Linux_2.6_i686/lib  -lXt -lX11 -lwgc -lgrid -lvelo -lumisc -lusu -lxplot -lsu -lpar -lcwp -lm -lc  -o lmk2grid
gcc -DLINUX=1 -g -D_LARGEFILE_SOURCE -D_FILE_OFFSET_BITS=64 -I/usr/local/cwp/src/USU/src/app_su/cwp/include -I/usr/local/cwp/src/USU/src/app_su/slt/include    lmkwind.c  -L/usr/X11R6/lib -L/usr/local/cwp/src/USU/src/app_su/Linux_2.6_i686/lib  -lXt -lX11 -lwgc -lgrid -lvelo -lumisc -lusu -lxplot -lsu -lpar -lcwp -lm -lc  -o lmkwind
gcc -DLINUX=1 -g -D_LARGEFILE_SOURCE -D_FILE_OFFSET_BITS=64 -I/usr/local/cwp/src/USU/src/app_su/cwp/include -I/usr/local/cwp/src/USU/src/app_su/slt/include    regrid3d.c  -L/usr/X11R6/lib -L/usr/local/cwp/src/USU/src/app_su/Linux_2.6_i686/lib  -lXt -lX11 -lwgc -lgrid -lvelo -lumisc -lusu -lxplot -lsu -lpar -lcwp -lm -lc  -o regrid3d
make[2]: Leaving directory `/LinuxMount/usr/local/cwp/src/USU/src/app_su/slt/src/grid/main'
make[2]: Entering directory `/LinuxMount/usr/local/cwp/src/USU/src/app_su/slt/src/par/main'
gcc -DLINUX=1 -g -D_LARGEFILE_SOURCE -D_FILE_OFFSET_BITS=64 -I/usr/local/cwp/src/USU/src/app_su/cwp/include -I/usr/local/cwp/src/USU/src/app_su/slt/include    maxmin.c  -L/usr/X11R6/lib -L/usr/local/cwp/src/USU/src/app_su/Linux_2.6_i686/lib  -lXt -lX11 -lwgc -lgrid -lvelo -lumisc -lusu -lxplot -lsu -lpar -lcwp -lm -lc  -o maxmin
gcc -DLINUX=1 -g -D_LARGEFILE_SOURCE -D_FILE_OFFSET_BITS=64 -I/usr/local/cwp/src/USU/src/app_su/cwp/include -I/usr/local/cwp/src/USU/src/app_su/slt/include    window.c  -L/usr/X11R6/lib -L/usr/local/cwp/src/USU/src/app_su/Linux_2.6_i686/lib  -lXt -lX11 -lwgc -lgrid -lvelo -lumisc -lusu -lxplot -lsu -lpar -lcwp -lm -lc  -o window
make[2]: Leaving directory `/LinuxMount/usr/local/cwp/src/USU/src/app_su/slt/src/par/main'
make[2]: Entering directory `/LinuxMount/usr/local/cwp/src/USU/src/app_su/slt/src/pc/main'
gcc -DLINUX=1 -g -D_LARGEFILE_SOURCE -D_FILE_OFFSET_BITS=64 -I/usr/local/cwp/src/USU/src/app_su/cwp/include -I/usr/local/cwp/src/USU/src/app_su/slt/include    bswap.c  -L/usr/X11R6/lib -L/usr/local/cwp/src/USU/src/app_su/Linux_2.6_i686/lib  -lXt -lX11 -lwgc -lgrid -lvelo -lumisc -lusu -lxplot -lsu -lpar -lcwp -lm -lc  -o bswap
make[2]: Leaving directory `/LinuxMount/usr/local/cwp/src/USU/src/app_su/slt/src/pc/main'
make[2]: Entering directory `/LinuxMount/usr/local/cwp/src/USU/src/app_su/slt/src/su/main'
gcc -DLINUX=1 -g -D_LARGEFILE_SOURCE -D_FILE_OFFSET_BITS=64 -I/usr/local/cwp/src/USU/src/app_su/cwp/include -I/usr/local/cwp/src/USU/src/app_su/slt/include    mutepick.c  -L/usr/X11R6/lib -L/usr/local/cwp/src/USU/src/app_su/Linux_2.6_i686/lib  -lXt -lX11 -lwgc -lgrid -lvelo -lumisc -lusu -lxplot -lsu -lpar -lcwp -lm -lc  -o mutepick
gcc -DLINUX=1 -g -D_LARGEFILE_SOURCE -D_FILE_OFFSET_BITS=64 -I/usr/local/cwp/src/USU/src/app_su/cwp/include -I/usr/local/cwp/src/USU/src/app_su/slt/include    mutesu.c  -L/usr/X11R6/lib -L/usr/local/cwp/src/USU/src/app_su/Linux_2.6_i686/lib  -lXt -lX11 -lwgc -lgrid -lvelo -lumisc -lusu -lxplot -lsu -lpar -lcwp -lm -lc  -o mutesu
gcc -DLINUX=1 -g -D_LARGEFILE_SOURCE -D_FILE_OFFSET_BITS=64 -I/usr/local/cwp/src/USU/src/app_su/cwp/include -I/usr/local/cwp/src/USU/src/app_su/slt/include    segy2movie.c  -L/usr/X11R6/lib -L/usr/local/cwp/src/USU/src/app_su/Linux_2.6_i686/lib  -lXt -lX11 -lwgc -lgrid -lvelo -lumisc -lusu -lxplot -lsu -lpar -lcwp -lm -lc  -o segy2movie
gcc -DLINUX=1 -g -D_LARGEFILE_SOURCE -D_FILE_OFFSET_BITS=64 -I/usr/local/cwp/src/USU/src/app_su/cwp/include -I/usr/local/cwp/src/USU/src/app_su/slt/include    sgyin.c  -L/usr/X11R6/lib -L/usr/local/cwp/src/USU/src/app_su/Linux_2.6_i686/lib  -lXt -lX11 -lwgc -lgrid -lvelo -lumisc -lusu -lxplot -lsu -lpar -lcwp -lm -lc  -o sgyin
gcc -DLINUX=1 -g -D_LARGEFILE_SOURCE -D_FILE_OFFSET_BITS=64 -I/usr/local/cwp/src/USU/src/app_su/cwp/include -I/usr/local/cwp/src/USU/src/app_su/slt/include    sgyout.c  -L/usr/X11R6/lib -L/usr/local/cwp/src/USU/src/app_su/Linux_2.6_i686/lib  -lXt -lX11 -lwgc -lgrid -lvelo -lumisc -lusu -lxplot -lsu -lpar -lcwp -lm -lc  -o sgyout
gcc -DLINUX=1 -g -D_LARGEFILE_SOURCE -D_FILE_OFFSET_BITS=64 -I/usr/local/cwp/src/USU/src/app_su/cwp/include -I/usr/local/cwp/src/USU/src/app_su/slt/include    su2sl.c  -L/usr/X11R6/lib -L/usr/local/cwp/src/USU/src/app_su/Linux_2.6_i686/lib  -lXt -lX11 -lwgc -lgrid -lvelo -lumisc -lusu -lxplot -lsu -lpar -lcwp -lm -lc  -o su2sl
gcc -DLINUX=1 -g -D_LARGEFILE_SOURCE -D_FILE_OFFSET_BITS=64 -I/usr/local/cwp/src/USU/src/app_su/cwp/include -I/usr/local/cwp/src/USU/src/app_su/slt/include    su3dto2d.c  -L/usr/X11R6/lib -L/usr/local/cwp/src/USU/src/app_su/Linux_2.6_i686/lib  -lXt -lX11 -lwgc -lgrid -lvelo -lumisc -lusu -lxplot -lsu -lpar -lcwp -lm -lc  -o su3dto2d
gcc -DLINUX=1 -g -D_LARGEFILE_SOURCE -D_FILE_OFFSET_BITS=64 -I/usr/local/cwp/src/USU/src/app_su/cwp/include -I/usr/local/cwp/src/USU/src/app_su/slt/include    suareazero.c  -L/usr/X11R6/lib -L/usr/local/cwp/src/USU/src/app_su/Linux_2.6_i686/lib  -lXt -lX11 -lwgc -lgrid -lvelo -lumisc -lusu -lxplot -lsu -lpar -lcwp -lm -lc  -o suareazero
gcc -DLINUX=1 -g -D_LARGEFILE_SOURCE -D_FILE_OFFSET_BITS=64 -I/usr/local/cwp/src/USU/src/app_su/cwp/include -I/usr/local/cwp/src/USU/src/app_su/slt/include    subalance.c  -L/usr/X11R6/lib -L/usr/local/cwp/src/USU/src/app_su/Linux_2.6_i686/lib  -lXt -lX11 -lwgc -lgrid -lvelo -lumisc -lusu -lxplot -lsu -lpar -lcwp -lm -lc  -o subalance
gcc -DLINUX=1 -g -D_LARGEFILE_SOURCE -D_FILE_OFFSET_BITS=64 -I/usr/local/cwp/src/USU/src/app_su/cwp/include -I/usr/local/cwp/src/USU/src/app_su/slt/include    sudetect.c  -L/usr/X11R6/lib -L/usr/local/cwp/src/USU/src/app_su/Linux_2.6_i686/lib  -lXt -lX11 -lwgc -lgrid -lvelo -lumisc -lusu -lxplot -lsu -lpar -lcwp -lm -lc  -o sudetect
gcc -DLINUX=1 -g -D_LARGEFILE_SOURCE -D_FILE_OFFSET_BITS=64 -I/usr/local/cwp/src/USU/src/app_su/cwp/include -I/usr/local/cwp/src/USU/src/app_su/slt/include    sufill.c  -L/usr/X11R6/lib -L/usr/local/cwp/src/USU/src/app_su/Linux_2.6_i686/lib  -lXt -lX11 -lwgc -lgrid -lvelo -lumisc -lusu -lxplot -lsu -lpar -lcwp -lm -lc  -o sufill
gcc -DLINUX=1 -g -D_LARGEFILE_SOURCE -D_FILE_OFFSET_BITS=64 -I/usr/local/cwp/src/USU/src/app_su/cwp/include -I/usr/local/cwp/src/USU/src/app_su/slt/include    sufold.c  -L/usr/X11R6/lib -L/usr/local/cwp/src/USU/src/app_su/Linux_2.6_i686/lib  -lXt -lX11 -lwgc -lgrid -lvelo -lumisc -lusu -lxplot -lsu -lpar -lcwp -lm -lc  -o sufold
gcc -DLINUX=1 -g -D_LARGEFILE_SOURCE -D_FILE_OFFSET_BITS=64 -I/usr/local/cwp/src/USU/src/app_su/cwp/include -I/usr/local/cwp/src/USU/src/app_su/slt/include    sugrd2hdr.c  -L/usr/X11R6/lib -L/usr/local/cwp/src/USU/src/app_su/Linux_2.6_i686/lib  -lXt -lX11 -lwgc -lgrid -lvelo -lumisc -lusu -lxplot -lsu -lpar -lcwp -lm -lc  -o sugrd2hdr
gcc -DLINUX=1 -g -D_LARGEFILE_SOURCE -D_FILE_OFFSET_BITS=64 -I/usr/local/cwp/src/USU/src/app_su/cwp/include -I/usr/local/cwp/src/USU/src/app_su/slt/include    sugrid2hdr.c  -L/usr/X11R6/lib -L/usr/local/cwp/src/USU/src/app_su/Linux_2.6_i686/lib  -lXt -lX11 -lwgc -lgrid -lvelo -lumisc -lusu -lxplot -lsu -lpar -lcwp -lm -lc  -o sugrid2hdr
gcc -DLINUX=1 -g -D_LARGEFILE_SOURCE -D_FILE_OFFSET_BITS=64 -I/usr/local/cwp/src/USU/src/app_su/cwp/include -I/usr/local/cwp/src/USU/src/app_su/slt/include    suhistogram.c  -L/usr/X11R6/lib -L/usr/local/cwp/src/USU/src/app_su/Linux_2.6_i686/lib  -lXt -lX11 -lwgc -lgrid -lvelo -lumisc -lusu -lxplot -lsu -lpar -lcwp -lm -lc  -o suhistogram
gcc -DLINUX=1 -g -D_LARGEFILE_SOURCE -D_FILE_OFFSET_BITS=64 -I/usr/local/cwp/src/USU/src/app_su/cwp/include -I/usr/local/cwp/src/USU/src/app_su/slt/include    sumerge.c  -L/usr/X11R6/lib -L/usr/local/cwp/src/USU/src/app_su/Linux_2.6_i686/lib  -lXt -lX11 -lwgc -lgrid -lvelo -lumisc -lusu -lxplot -lsu -lpar -lcwp -lm -lc  -o sumerge
gcc -DLINUX=1 -g -D_LARGEFILE_SOURCE -D_FILE_OFFSET_BITS=64 -I/usr/local/cwp/src/USU/src/app_su/cwp/include -I/usr/local/cwp/src/USU/src/app_su/slt/include    suphase.c  -L/usr/X11R6/lib -L/usr/local/cwp/src/USU/src/app_su/Linux_2.6_i686/lib  -lXt -lX11 -lwgc -lgrid -lvelo -lumisc -lusu -lxplot -lsu -lpar -lcwp -lm -lc  -o suphase
gcc -DLINUX=1 -g -D_LARGEFILE_SOURCE -D_FILE_OFFSET_BITS=64 -I/usr/local/cwp/src/USU/src/app_su/cwp/include -I/usr/local/cwp/src/USU/src/app_su/slt/include    supoptop.c  -L/usr/X11R6/lib -L/usr/local/cwp/src/USU/src/app_su/Linux_2.6_i686/lib  -lXt -lX11 -lwgc -lgrid -lvelo -lumisc -lusu -lxplot -lsu -lpar -lcwp -lm -lc  -o supoptop
gcc -DLINUX=1 -g -D_LARGEFILE_SOURCE -D_FILE_OFFSET_BITS=64 -I/usr/local/cwp/src/USU/src/app_su/cwp/include -I/usr/local/cwp/src/USU/src/app_su/slt/include    supressure.c  -L/usr/X11R6/lib -L/usr/local/cwp/src/USU/src/app_su/Linux_2.6_i686/lib  -lXt -lX11 -lwgc -lgrid -lvelo -lumisc -lusu -lxplot -lsu -lpar -lcwp -lm -lc  -o supressure
gcc -DLINUX=1 -g -D_LARGEFILE_SOURCE -D_FILE_OFFSET_BITS=64 -I/usr/local/cwp/src/USU/src/app_su/cwp/include -I/usr/local/cwp/src/USU/src/app_su/slt/include    supstack.c  -L/usr/X11R6/lib -L/usr/local/cwp/src/USU/src/app_su/Linux_2.6_i686/lib  -lXt -lX11 -lwgc -lgrid -lvelo -lumisc -lusu -lxplot -lsu -lpar -lcwp -lm -lc  -o supstack
gcc -DLINUX=1 -g -D_LARGEFILE_SOURCE -D_FILE_OFFSET_BITS=64 -I/usr/local/cwp/src/USU/src/app_su/cwp/include -I/usr/local/cwp/src/USU/src/app_su/slt/include    surenum.c  -L/usr/X11R6/lib -L/usr/local/cwp/src/USU/src/app_su/Linux_2.6_i686/lib  -lXt -lX11 -lwgc -lgrid -lvelo -lumisc -lusu -lxplot -lsu -lpar -lcwp -lm -lc  -o surenum
gcc -DLINUX=1 -g -D_LARGEFILE_SOURCE -D_FILE_OFFSET_BITS=64 -I/usr/local/cwp/src/USU/src/app_su/cwp/include -I/usr/local/cwp/src/USU/src/app_su/slt/include    surnmo.c  -L/usr/X11R6/lib -L/usr/local/cwp/src/USU/src/app_su/Linux_2.6_i686/lib  -lXt -lX11 -lwgc -lgrid -lvelo -lumisc -lusu -lxplot -lsu -lpar -lcwp -lm -lc  -o surnmo
gcc -DLINUX=1 -g -D_LARGEFILE_SOURCE -D_FILE_OFFSET_BITS=64 -I/usr/local/cwp/src/USU/src/app_su/cwp/include -I/usr/local/cwp/src/USU/src/app_su/slt/include    surunmix.c  -L/usr/X11R6/lib -L/usr/local/cwp/src/USU/src/app_su/Linux_2.6_i686/lib  -lXt -lX11 -lwgc -lgrid -lvelo -lumisc -lusu -lxplot -lsu -lpar -lcwp -lm -lc  -o surunmix
gcc -DLINUX=1 -g -D_LARGEFILE_SOURCE -D_FILE_OFFSET_BITS=64 -I/usr/local/cwp/src/USU/src/app_su/cwp/include -I/usr/local/cwp/src/USU/src/app_su/slt/include    susalthrz.c  -L/usr/X11R6/lib -L/usr/local/cwp/src/USU/src/app_su/Linux_2.6_i686/lib  -lXt -lX11 -lwgc -lgrid -lvelo -lumisc -lusu -lxplot -lsu -lpar -lcwp -lm -lc  -o susalthrz
gcc -DLINUX=1 -g -D_LARGEFILE_SOURCE -D_FILE_OFFSET_BITS=64 -I/usr/local/cwp/src/USU/src/app_su/cwp/include -I/usr/local/cwp/src/USU/src/app_su/slt/include    suscale3d.c  -L/usr/X11R6/lib -L/usr/local/cwp/src/USU/src/app_su/Linux_2.6_i686/lib  -lXt -lX11 -lwgc -lgrid -lvelo -lumisc -lusu -lxplot -lsu -lpar -lcwp -lm -lc  -o suscale3d
gcc -DLINUX=1 -g -D_LARGEFILE_SOURCE -D_FILE_OFFSET_BITS=64 -I/usr/local/cwp/src/USU/src/app_su/cwp/include -I/usr/local/cwp/src/USU/src/app_su/slt/include    susedrate.c  -L/usr/X11R6/lib -L/usr/local/cwp/src/USU/src/app_su/Linux_2.6_i686/lib  -lXt -lX11 -lwgc -lgrid -lvelo -lumisc -lusu -lxplot -lsu -lpar -lcwp -lm -lc  -o susedrate
gcc -DLINUX=1 -g -D_LARGEFILE_SOURCE -D_FILE_OFFSET_BITS=64 -I/usr/local/cwp/src/USU/src/app_su/cwp/include -I/usr/local/cwp/src/USU/src/app_su/slt/include    sutosmute.c  -L/usr/X11R6/lib -L/usr/local/cwp/src/USU/src/app_su/Linux_2.6_i686/lib  -lXt -lX11 -lwgc -lgrid -lvelo -lumisc -lusu -lxplot -lsu -lpar -lcwp -lm -lc  -o sutosmute
gcc -DLINUX=1 -g -D_LARGEFILE_SOURCE -D_FILE_OFFSET_BITS=64 -I/usr/local/cwp/src/USU/src/app_su/cwp/include -I/usr/local/cwp/src/USU/src/app_su/slt/include    sutrifilter.c  -L/usr/X11R6/lib -L/usr/local/cwp/src/USU/src/app_su/Linux_2.6_i686/lib  -lXt -lX11 -lwgc -lgrid -lvelo -lumisc -lusu -lxplot -lsu -lpar -lcwp -lm -lc  -o sutrifilter
gcc -DLINUX=1 -g -D_LARGEFILE_SOURCE -D_FILE_OFFSET_BITS=64 -I/usr/local/cwp/src/USU/src/app_su/cwp/include -I/usr/local/cwp/src/USU/src/app_su/slt/include    sutzconv.c  -L/usr/X11R6/lib -L/usr/local/cwp/src/USU/src/app_su/Linux_2.6_i686/lib  -lXt -lX11 -lwgc -lgrid -lvelo -lumisc -lusu -lxplot -lsu -lpar -lcwp -lm -lc  -o sutzconv
gcc -DLINUX=1 -g -D_LARGEFILE_SOURCE -D_FILE_OFFSET_BITS=64 -I/usr/local/cwp/src/USU/src/app_su/cwp/include -I/usr/local/cwp/src/USU/src/app_su/slt/include    suvautop.c  -L/usr/X11R6/lib -L/usr/local/cwp/src/USU/src/app_su/Linux_2.6_i686/lib  -lXt -lX11 -lwgc -lgrid -lvelo -lumisc -lusu -lxplot -lsu -lpar -lcwp -lm -lc  -o suvautop
gcc -DLINUX=1 -g -D_LARGEFILE_SOURCE -D_FILE_OFFSET_BITS=64 -I/usr/local/cwp/src/USU/src/app_su/cwp/include -I/usr/local/cwp/src/USU/src/app_su/slt/include    suveldump.c  -L/usr/X11R6/lib -L/usr/local/cwp/src/USU/src/app_su/Linux_2.6_i686/lib  -lXt -lX11 -lwgc -lgrid -lvelo -lumisc -lusu -lxplot -lsu -lpar -lcwp -lm -lc  -o suveldump
gcc -DLINUX=1 -g -D_LARGEFILE_SOURCE -D_FILE_OFFSET_BITS=64 -I/usr/local/cwp/src/USU/src/app_su/cwp/include -I/usr/local/cwp/src/USU/src/app_su/slt/include    suxarb.c  -L/usr/X11R6/lib -L/usr/local/cwp/src/USU/src/app_su/Linux_2.6_i686/lib  -lXt -lX11 -lwgc -lgrid -lvelo -lumisc -lusu -lxplot -lsu -lpar -lcwp -lm -lc  -o suxarb
gcc -DLINUX=1 -g -D_LARGEFILE_SOURCE -D_FILE_OFFSET_BITS=64 -I/usr/local/cwp/src/USU/src/app_su/cwp/include -I/usr/local/cwp/src/USU/src/app_su/slt/include    suxyfix.c  -L/usr/X11R6/lib -L/usr/local/cwp/src/USU/src/app_su/Linux_2.6_i686/lib  -lXt -lX11 -lwgc -lgrid -lvelo -lumisc -lusu -lxplot -lsu -lpar -lcwp -lm -lc  -o suxyfix
make[2]: Leaving directory `/LinuxMount/usr/local/cwp/src/USU/src/app_su/slt/src/su/main'
make[2]: Entering directory `/LinuxMount/usr/local/cwp/src/USU/src/app_su/slt/src/velo/main'
gcc -DLINUX=1 -g -D_LARGEFILE_SOURCE -D_FILE_OFFSET_BITS=64 -I/usr/local/cwp/src/USU/src/app_su/cwp/include -I/usr/local/cwp/src/USU/src/app_su/slt/include    aresam.c  -L/usr/X11R6/lib -L/usr/local/cwp/src/USU/src/app_su/Linux_2.6_i686/lib  -lXt -lX11 -lwgc -lgrid -lvelo -lumisc -lusu -lxplot -lsu -lpar -lcwp -lm -lc  -o aresam
gcc -DLINUX=1 -g -D_LARGEFILE_SOURCE -D_FILE_OFFSET_BITS=64 -I/usr/local/cwp/src/USU/src/app_su/cwp/include -I/usr/local/cwp/src/USU/src/app_su/slt/include    asc2grid.c  -L/usr/X11R6/lib -L/usr/local/cwp/src/USU/src/app_su/Linux_2.6_i686/lib  -lXt -lX11 -lwgc -lgrid -lvelo -lumisc -lusu -lxplot -lsu -lpar -lcwp -lm -lc  -o asc2grid
gcc -DLINUX=1 -g -D_LARGEFILE_SOURCE -D_FILE_OFFSET_BITS=64 -I/usr/local/cwp/src/USU/src/app_su/cwp/include -I/usr/local/cwp/src/USU/src/app_su/slt/include    ascii2hvel.c  -L/usr/X11R6/lib -L/usr/local/cwp/src/USU/src/app_su/Linux_2.6_i686/lib  -lXt -lX11 -lwgc -lgrid -lvelo -lumisc -lusu -lxplot -lsu -lpar -lcwp -lm -lc  -o ascii2hvel
gcc -DLINUX=1 -g -D_LARGEFILE_SOURCE -D_FILE_OFFSET_BITS=64 -I/usr/local/cwp/src/USU/src/app_su/cwp/include -I/usr/local/cwp/src/USU/src/app_su/slt/include    ascsm.c  -L/usr/X11R6/lib -L/usr/local/cwp/src/USU/src/app_su/Linux_2.6_i686/lib  -lXt -lX11 -lwgc -lgrid -lvelo -lumisc -lusu -lxplot -lsu -lpar -lcwp -lm -lc  -o ascsm
gcc -DLINUX=1 -g -D_LARGEFILE_SOURCE -D_FILE_OFFSET_BITS=64 -I/usr/local/cwp/src/USU/src/app_su/cwp/include -I/usr/local/cwp/src/USU/src/app_su/slt/include    csvel.c  -L/usr/X11R6/lib -L/usr/local/cwp/src/USU/src/app_su/Linux_2.6_i686/lib  -lXt -lX11 -lwgc -lgrid -lvelo -lumisc -lusu -lxplot -lsu -lpar -lcwp -lm -lc  -o csvel
gcc -DLINUX=1 -g -D_LARGEFILE_SOURCE -D_FILE_OFFSET_BITS=64 -I/usr/local/cwp/src/USU/src/app_su/cwp/include -I/usr/local/cwp/src/USU/src/app_su/slt/include    dt2pp.c  -L/usr/X11R6/lib -L/usr/local/cwp/src/USU/src/app_su/Linux_2.6_i686/lib  -lXt -lX11 -lwgc -lgrid -lvelo -lumisc -lusu -lxplot -lsu -lpar -lcwp -lm -lc  -o dt2pp
gcc -DLINUX=1 -g -D_LARGEFILE_SOURCE -D_FILE_OFFSET_BITS=64 -I/usr/local/cwp/src/USU/src/app_su/cwp/include -I/usr/local/cwp/src/USU/src/app_su/slt/include    hvel2vs3d.c  -L/usr/X11R6/lib -L/usr/local/cwp/src/USU/src/app_su/Linux_2.6_i686/lib  -lXt -lX11 -lwgc -lgrid -lvelo -lumisc -lusu -lxplot -lsu -lpar -lcwp -lm -lc  -o hvel2vs3d
gcc -DLINUX=1 -g -D_LARGEFILE_SOURCE -D_FILE_OFFSET_BITS=64 -I/usr/local/cwp/src/USU/src/app_su/cwp/include -I/usr/local/cwp/src/USU/src/app_su/slt/include    hveladdxy.c  -L/usr/X11R6/lib -L/usr/local/cwp/src/USU/src/app_su/Linux_2.6_i686/lib  -lXt -lX11 -lwgc -lgrid -lvelo -lumisc -lusu -lxplot -lsu -lpar -lcwp -lm -lc  -o hveladdxy
gcc -DLINUX=1 -g -D_LARGEFILE_SOURCE -D_FILE_OFFSET_BITS=64 -I/usr/local/cwp/src/USU/src/app_su/cwp/include -I/usr/local/cwp/src/USU/src/app_su/slt/include    hvelconvert.c  -L/usr/X11R6/lib -L/usr/local/cwp/src/USU/src/app_su/Linux_2.6_i686/lib  -lXt -lX11 -lwgc -lgrid -lvelo -lumisc -lusu -lxplot -lsu -lpar -lcwp -lm -lc  -o hvelconvert
gcc -DLINUX=1 -g -D_LARGEFILE_SOURCE -D_FILE_OFFSET_BITS=64 -I/usr/local/cwp/src/USU/src/app_su/cwp/include -I/usr/local/cwp/src/USU/src/app_su/slt/include    hvelmod.c  -L/usr/X11R6/lib -L/usr/local/cwp/src/USU/src/app_su/Linux_2.6_i686/lib  -lXt -lX11 -lwgc -lgrid -lvelo -lumisc -lusu -lxplot -lsu -lpar -lcwp -lm -lc  -o hvelmod
gcc -DLINUX=1 -g -D_LARGEFILE_SOURCE -D_FILE_OFFSET_BITS=64 -I/usr/local/cwp/src/USU/src/app_su/cwp/include -I/usr/local/cwp/src/USU/src/app_su/slt/include    hvelsort.c  -L/usr/X11R6/lib -L/usr/local/cwp/src/USU/src/app_su/Linux_2.6_i686/lib  -lXt -lX11 -lwgc -lgrid -lvelo -lumisc -lusu -lxplot -lsu -lpar -lcwp -lm -lc  -o hvelsort
gcc -DLINUX=1 -g -D_LARGEFILE_SOURCE -D_FILE_OFFSET_BITS=64 -I/usr/local/cwp/src/USU/src/app_su/cwp/include -I/usr/local/cwp/src/USU/src/app_su/slt/include    hvelwind.c  -L/usr/X11R6/lib -L/usr/local/cwp/src/USU/src/app_su/Linux_2.6_i686/lib  -lXt -lX11 -lwgc -lgrid -lvelo -lumisc -lusu -lxplot -lsu -lpar -lcwp -lm -lc  -o hvelwind
gcc -DLINUX=1 -g -D_LARGEFILE_SOURCE -D_FILE_OFFSET_BITS=64 -I/usr/local/cwp/src/USU/src/app_su/cwp/include -I/usr/local/cwp/src/USU/src/app_su/slt/include    linefit.c  -L/usr/X11R6/lib -L/usr/local/cwp/src/USU/src/app_su/Linux_2.6_i686/lib  -lXt -lX11 -lwgc -lgrid -lvelo -lumisc -lusu -lxplot -lsu -lpar -lcwp -lm -lc  -o linefit
gcc -DLINUX=1 -g -D_LARGEFILE_SOURCE -D_FILE_OFFSET_BITS=64 -I/usr/local/cwp/src/USU/src/app_su/cwp/include -I/usr/local/cwp/src/USU/src/app_su/slt/include    lmkassign.c  -L/usr/X11R6/lib -L/usr/local/cwp/src/USU/src/app_su/Linux_2.6_i686/lib  -lXt -lX11 -lwgc -lgrid -lvelo -lumisc -lusu -lxplot -lsu -lpar -lcwp -lm -lc  -o lmkassign
gcc -DLINUX=1 -g -D_LARGEFILE_SOURCE -D_FILE_OFFSET_BITS=64 -I/usr/local/cwp/src/USU/src/app_su/cwp/include -I/usr/local/cwp/src/USU/src/app_su/slt/include    lmktzconv.c  -L/usr/X11R6/lib -L/usr/local/cwp/src/USU/src/app_su/Linux_2.6_i686/lib  -lXt -lX11 -lwgc -lgrid -lvelo -lumisc -lusu -lxplot -lsu -lpar -lcwp -lm -lc  -o lmktzconv
gcc -DLINUX=1 -g -D_LARGEFILE_SOURCE -D_FILE_OFFSET_BITS=64 -I/usr/local/cwp/src/USU/src/app_su/cwp/include -I/usr/local/cwp/src/USU/src/app_su/slt/include    log2hl.c  -L/usr/X11R6/lib -L/usr/local/cwp/src/USU/src/app_su/Linux_2.6_i686/lib  -lXt -lX11 -lwgc -lgrid -lvelo -lumisc -lusu -lxplot -lsu -lpar -lcwp -lm -lc  -o log2hl
gcc -DLINUX=1 -g -D_LARGEFILE_SOURCE -D_FILE_OFFSET_BITS=64 -I/usr/local/cwp/src/USU/src/app_su/cwp/include -I/usr/local/cwp/src/USU/src/app_su/slt/include    logpath.c  -L/usr/X11R6/lib -L/usr/local/cwp/src/USU/src/app_su/Linux_2.6_i686/lib  -lXt -lX11 -lwgc -lgrid -lvelo -lumisc -lusu -lxplot -lsu -lpar -lcwp -lm -lc  -o logpath
gcc -DLINUX=1 -g -D_LARGEFILE_SOURCE -D_FILE_OFFSET_BITS=64 -I/usr/local/cwp/src/USU/src/app_su/cwp/include -I/usr/local/cwp/src/USU/src/app_su/slt/include    logz2t.c  -L/usr/X11R6/lib -L/usr/local/cwp/src/USU/src/app_su/Linux_2.6_i686/lib  -lXt -lX11 -lwgc -lgrid -lvelo -lumisc -lusu -lxplot -lsu -lpar -lcwp -lm -lc  -o logz2t
gcc -DLINUX=1 -g -D_LARGEFILE_SOURCE -D_FILE_OFFSET_BITS=64 -I/usr/local/cwp/src/USU/src/app_su/cwp/include -I/usr/local/cwp/src/USU/src/app_su/slt/include    plotvs3d.c  -L/usr/X11R6/lib -L/usr/local/cwp/src/USU/src/app_su/Linux_2.6_i686/lib  -lXt -lX11 -lwgc -lgrid -lvelo -lumisc -lusu -lxplot -lsu -lpar -lcwp -lm -lc  -o plotvs3d
gcc -DLINUX=1 -g -D_LARGEFILE_SOURCE -D_FILE_OFFSET_BITS=64 -I/usr/local/cwp/src/USU/src/app_su/cwp/include -I/usr/local/cwp/src/USU/src/app_su/slt/include    qcvprint.c  -L/usr/X11R6/lib -L/usr/local/cwp/src/USU/src/app_su/Linux_2.6_i686/lib  -lXt -lX11 -lwgc -lgrid -lvelo -lumisc -lusu -lxplot -lsu -lpar -lcwp -lm -lc  -o qcvprint
gcc -DLINUX=1 -g -D_LARGEFILE_SOURCE -D_FILE_OFFSET_BITS=64 -I/usr/local/cwp/src/USU/src/app_su/cwp/include -I/usr/local/cwp/src/USU/src/app_su/slt/include    qcvs3d.c  -L/usr/X11R6/lib -L/usr/local/cwp/src/USU/src/app_su/Linux_2.6_i686/lib  -lXt -lX11 -lwgc -lgrid -lvelo -lumisc -lusu -lxplot -lsu -lpar -lcwp -lm -lc  -o qcvs3d
gcc -DLINUX=1 -g -D_LARGEFILE_SOURCE -D_FILE_OFFSET_BITS=64 -I/usr/local/cwp/src/USU/src/app_su/cwp/include -I/usr/local/cwp/src/USU/src/app_su/slt/include    traceline2xy.c  -L/usr/X11R6/lib -L/usr/local/cwp/src/USU/src/app_su/Linux_2.6_i686/lib  -lXt -lX11 -lwgc -lgrid -lvelo -lumisc -lusu -lxplot -lsu -lpar -lcwp -lm -lc  -o traceline2xy
gcc -DLINUX=1 -g -D_LARGEFILE_SOURCE -D_FILE_OFFSET_BITS=64 -I/usr/local/cwp/src/USU/src/app_su/cwp/include -I/usr/local/cwp/src/USU/src/app_su/slt/include    tzextend.c  -L/usr/X11R6/lib -L/usr/local/cwp/src/USU/src/app_su/Linux_2.6_i686/lib  -lXt -lX11 -lwgc -lgrid -lvelo -lumisc -lusu -lxplot -lsu -lpar -lcwp -lm -lc  -o tzextend
gcc -DLINUX=1 -g -D_LARGEFILE_SOURCE -D_FILE_OFFSET_BITS=64 -I/usr/local/cwp/src/USU/src/app_su/cwp/include -I/usr/local/cwp/src/USU/src/app_su/slt/include    vavg2depth.c  -L/usr/X11R6/lib -L/usr/local/cwp/src/USU/src/app_su/Linux_2.6_i686/lib  -lXt -lX11 -lwgc -lgrid -lvelo -lumisc -lusu -lxplot -lsu -lpar -lcwp -lm -lc  -o vavg2depth
gcc -DLINUX=1 -g -D_LARGEFILE_SOURCE -D_FILE_OFFSET_BITS=64 -I/usr/local/cwp/src/USU/src/app_su/cwp/include -I/usr/local/cwp/src/USU/src/app_su/slt/include    vavg2vint.c  -L/usr/X11R6/lib -L/usr/local/cwp/src/USU/src/app_su/Linux_2.6_i686/lib  -lXt -lX11 -lwgc -lgrid -lvelo -lumisc -lusu -lxplot -lsu -lpar -lcwp -lm -lc  -o vavg2vint
gcc -DLINUX=1 -g -D_LARGEFILE_SOURCE -D_FILE_OFFSET_BITS=64 -I/usr/local/cwp/src/USU/src/app_su/cwp/include -I/usr/local/cwp/src/USU/src/app_su/slt/include    velf2hvel.c  -L/usr/X11R6/lib -L/usr/local/cwp/src/USU/src/app_su/Linux_2.6_i686/lib  -lXt -lX11 -lwgc -lgrid -lvelo -lumisc -lusu -lxplot -lsu -lpar -lcwp -lm -lc  -o velf2hvel
gcc -DLINUX=1 -g -D_LARGEFILE_SOURCE -D_FILE_OFFSET_BITS=64 -I/usr/local/cwp/src/USU/src/app_su/cwp/include -I/usr/local/cwp/src/USU/src/app_su/slt/include    velf2velo.c  -L/usr/X11R6/lib -L/usr/local/cwp/src/USU/src/app_su/Linux_2.6_i686/lib  -lXt -lX11 -lwgc -lgrid -lvelo -lumisc -lusu -lxplot -lsu -lpar -lcwp -lm -lc  -o velf2velo
gcc -DLINUX=1 -g -D_LARGEFILE_SOURCE -D_FILE_OFFSET_BITS=64 -I/usr/local/cwp/src/USU/src/app_su/cwp/include -I/usr/local/cwp/src/USU/src/app_su/slt/include    velf2vgrid.c  -L/usr/X11R6/lib -L/usr/local/cwp/src/USU/src/app_su/Linux_2.6_i686/lib  -lXt -lX11 -lwgc -lgrid -lvelo -lumisc -lusu -lxplot -lsu -lpar -lcwp -lm -lc  -o velf2vgrid
gcc -DLINUX=1 -g -D_LARGEFILE_SOURCE -D_FILE_OFFSET_BITS=64 -I/usr/local/cwp/src/USU/src/app_su/cwp/include -I/usr/local/cwp/src/USU/src/app_su/slt/include    velo2velf.c  -L/usr/X11R6/lib -L/usr/local/cwp/src/USU/src/app_su/Linux_2.6_i686/lib  -lXt -lX11 -lwgc -lgrid -lvelo -lumisc -lusu -lxplot -lsu -lpar -lcwp -lm -lc  -o velo2velf
gcc -DLINUX=1 -g -D_LARGEFILE_SOURCE -D_FILE_OFFSET_BITS=64 -I/usr/local/cwp/src/USU/src/app_su/cwp/include -I/usr/local/cwp/src/USU/src/app_su/slt/include    vdisplay.c  -L/usr/X11R6/lib -L/usr/local/cwp/src/USU/src/app_su/Linux_2.6_i686/lib  -lXt -lX11 -lwgc -lgrid -lvelo -lumisc -lusu -lxplot -lsu -lpar -lcwp -lm -lc  -o vdisplay
gcc -DLINUX=1 -g -D_LARGEFILE_SOURCE -D_FILE_OFFSET_BITS=64 -I/usr/local/cwp/src/USU/src/app_su/cwp/include -I/usr/local/cwp/src/USU/src/app_su/slt/include    vgrid2hvel.c  -L/usr/X11R6/lib -L/usr/local/cwp/src/USU/src/app_su/Linux_2.6_i686/lib  -lXt -lX11 -lwgc -lgrid -lvelo -lumisc -lusu -lxplot -lsu -lpar -lcwp -lm -lc  -o vgrid2hvel
gcc -DLINUX=1 -g -D_LARGEFILE_SOURCE -D_FILE_OFFSET_BITS=64 -I/usr/local/cwp/src/USU/src/app_su/cwp/include -I/usr/local/cwp/src/USU/src/app_su/slt/include    vgrid2sc3d.c  -L/usr/X11R6/lib -L/usr/local/cwp/src/USU/src/app_su/Linux_2.6_i686/lib  -lXt -lX11 -lwgc -lgrid -lvelo -lumisc -lusu -lxplot -lsu -lpar -lcwp -lm -lc  -o vgrid2sc3d
gcc -DLINUX=1 -g -D_LARGEFILE_SOURCE -D_FILE_OFFSET_BITS=64 -I/usr/local/cwp/src/USU/src/app_su/cwp/include -I/usr/local/cwp/src/USU/src/app_su/slt/include    vgrid2velf.c  -L/usr/X11R6/lib -L/usr/local/cwp/src/USU/src/app_su/Linux_2.6_i686/lib  -lXt -lX11 -lwgc -lgrid -lvelo -lumisc -lusu -lxplot -lsu -lpar -lcwp -lm -lc  -o vgrid2velf
gcc -DLINUX=1 -g -D_LARGEFILE_SOURCE -D_FILE_OFFSET_BITS=64 -I/usr/local/cwp/src/USU/src/app_su/cwp/include -I/usr/local/cwp/src/USU/src/app_su/slt/include    vgrid2vs3d.c  -L/usr/X11R6/lib -L/usr/local/cwp/src/USU/src/app_su/Linux_2.6_i686/lib  -lXt -lX11 -lwgc -lgrid -lvelo -lumisc -lusu -lxplot -lsu -lpar -lcwp -lm -lc  -o vgrid2vs3d
gcc -DLINUX=1 -g -D_LARGEFILE_SOURCE -D_FILE_OFFSET_BITS=64 -I/usr/local/cwp/src/USU/src/app_su/cwp/include -I/usr/local/cwp/src/USU/src/app_su/slt/include    vgrid2vsurf.c  -L/usr/X11R6/lib -L/usr/local/cwp/src/USU/src/app_su/Linux_2.6_i686/lib  -lXt -lX11 -lwgc -lgrid -lvelo -lumisc -lusu -lxplot -lsu -lpar -lcwp -lm -lc  -o vgrid2vsurf
gcc -DLINUX=1 -g -D_LARGEFILE_SOURCE -D_FILE_OFFSET_BITS=64 -I/usr/local/cwp/src/USU/src/app_su/cwp/include -I/usr/local/cwp/src/USU/src/app_su/slt/include    vgrid3d.c  -L/usr/X11R6/lib -L/usr/local/cwp/src/USU/src/app_su/Linux_2.6_i686/lib  -lXt -lX11 -lwgc -lgrid -lvelo -lumisc -lusu -lxplot -lsu -lpar -lcwp -lm -lc  -o vgrid3d
gcc -DLINUX=1 -g -D_LARGEFILE_SOURCE -D_FILE_OFFSET_BITS=64 -I/usr/local/cwp/src/USU/src/app_su/cwp/include -I/usr/local/cwp/src/USU/src/app_su/slt/include    vgupdate.c  -L/usr/X11R6/lib -L/usr/local/cwp/src/USU/src/app_su/Linux_2.6_i686/lib  -lXt -lX11 -lwgc -lgrid -lvelo -lumisc -lusu -lxplot -lsu -lpar -lcwp -lm -lc  -o vgupdate
gcc -DLINUX=1 -g -D_LARGEFILE_SOURCE -D_FILE_OFFSET_BITS=64 -I/usr/local/cwp/src/USU/src/app_su/cwp/include -I/usr/local/cwp/src/USU/src/app_su/slt/include    vint2mw.c  -L/usr/X11R6/lib -L/usr/local/cwp/src/USU/src/app_su/Linux_2.6_i686/lib  -lXt -lX11 -lwgc -lgrid -lvelo -lumisc -lusu -lxplot -lsu -lpar -lcwp -lm -lc  -o vint2mw
gcc -DLINUX=1 -g -D_LARGEFILE_SOURCE -D_FILE_OFFSET_BITS=64 -I/usr/local/cwp/src/USU/src/app_su/cwp/include -I/usr/local/cwp/src/USU/src/app_su/slt/include    vint2vavg.c  -L/usr/X11R6/lib -L/usr/local/cwp/src/USU/src/app_su/Linux_2.6_i686/lib  -lXt -lX11 -lwgc -lgrid -lvelo -lumisc -lusu -lxplot -lsu -lpar -lcwp -lm -lc  -o vint2vavg
gcc -DLINUX=1 -g -D_LARGEFILE_SOURCE -D_FILE_OFFSET_BITS=64 -I/usr/local/cwp/src/USU/src/app_su/cwp/include -I/usr/local/cwp/src/USU/src/app_su/slt/include    vint2vrms.c  -L/usr/X11R6/lib -L/usr/local/cwp/src/USU/src/app_su/Linux_2.6_i686/lib  -lXt -lX11 -lwgc -lgrid -lvelo -lumisc -lusu -lxplot -lsu -lpar -lcwp -lm -lc  -o vint2vrms
gcc -DLINUX=1 -g -D_LARGEFILE_SOURCE -D_FILE_OFFSET_BITS=64 -I/usr/local/cwp/src/USU/src/app_su/cwp/include -I/usr/local/cwp/src/USU/src/app_su/slt/include    vmerge.c  -L/usr/X11R6/lib -L/usr/local/cwp/src/USU/src/app_su/Linux_2.6_i686/lib  -lXt -lX11 -lwgc -lgrid -lvelo -lumisc -lusu -lxplot -lsu -lpar -lcwp -lm -lc  -o vmerge
gcc -DLINUX=1 -g -D_LARGEFILE_SOURCE -D_FILE_OFFSET_BITS=64 -I/usr/local/cwp/src/USU/src/app_su/cwp/include -I/usr/local/cwp/src/USU/src/app_su/slt/include    vrms2vint.c  -L/usr/X11R6/lib -L/usr/local/cwp/src/USU/src/app_su/Linux_2.6_i686/lib  -lXt -lX11 -lwgc -lgrid -lvelo -lumisc -lusu -lxplot -lsu -lpar -lcwp -lm -lc  -o vrms2vint
gcc -DLINUX=1 -g -D_LARGEFILE_SOURCE -D_FILE_OFFSET_BITS=64 -I/usr/local/cwp/src/USU/src/app_su/cwp/include -I/usr/local/cwp/src/USU/src/app_su/slt/include    vs3dedit.c  -L/usr/X11R6/lib -L/usr/local/cwp/src/USU/src/app_su/Linux_2.6_i686/lib  -lXt -lX11 -lwgc -lgrid -lvelo -lumisc -lusu -lxplot -lsu -lpar -lcwp -lm -lc  -o vs3dedit
gcc -DLINUX=1 -g -D_LARGEFILE_SOURCE -D_FILE_OFFSET_BITS=64 -I/usr/local/cwp/src/USU/src/app_su/cwp/include -I/usr/local/cwp/src/USU/src/app_su/slt/include    vs3dsalt.c  -L/usr/X11R6/lib -L/usr/local/cwp/src/USU/src/app_su/Linux_2.6_i686/lib  -lXt -lX11 -lwgc -lgrid -lvelo -lumisc -lusu -lxplot -lsu -lpar -lcwp -lm -lc  -o vs3dsalt
gcc -DLINUX=1 -g -D_LARGEFILE_SOURCE -D_FILE_OFFSET_BITS=64 -I/usr/local/cwp/src/USU/src/app_su/cwp/include -I/usr/local/cwp/src/USU/src/app_su/slt/include    vs3dshift.c  -L/usr/X11R6/lib -L/usr/local/cwp/src/USU/src/app_su/Linux_2.6_i686/lib  -lXt -lX11 -lwgc -lgrid -lvelo -lumisc -lusu -lxplot -lsu -lpar -lcwp -lm -lc  -o vs3dshift
gcc -DLINUX=1 -g -D_LARGEFILE_SOURCE -D_FILE_OFFSET_BITS=64 -I/usr/local/cwp/src/USU/src/app_su/cwp/include -I/usr/local/cwp/src/USU/src/app_su/slt/include    vsmoo3d.c  -L/usr/X11R6/lib -L/usr/local/cwp/src/USU/src/app_su/Linux_2.6_i686/lib  -lXt -lX11 -lwgc -lgrid -lvelo -lumisc -lusu -lxplot -lsu -lpar -lcwp -lm -lc  -o vsmoo3d
gcc -DLINUX=1 -g -D_LARGEFILE_SOURCE -D_FILE_OFFSET_BITS=64 -I/usr/local/cwp/src/USU/src/app_su/cwp/include -I/usr/local/cwp/src/USU/src/app_su/slt/include    vt2vz.c  -L/usr/X11R6/lib -L/usr/local/cwp/src/USU/src/app_su/Linux_2.6_i686/lib  -lXt -lX11 -lwgc -lgrid -lvelo -lumisc -lusu -lxplot -lsu -lpar -lcwp -lm -lc  -o vt2vz
gcc -DLINUX=1 -g -D_LARGEFILE_SOURCE -D_FILE_OFFSET_BITS=64 -I/usr/local/cwp/src/USU/src/app_su/cwp/include -I/usr/local/cwp/src/USU/src/app_su/slt/include    vz2vt.c  -L/usr/X11R6/lib -L/usr/local/cwp/src/USU/src/app_su/Linux_2.6_i686/lib  -lXt -lX11 -lwgc -lgrid -lvelo -lumisc -lusu -lxplot -lsu -lpar -lcwp -lm -lc  -o vz2vt
gcc -DLINUX=1 -g -D_LARGEFILE_SOURCE -D_FILE_OFFSET_BITS=64 -I/usr/local/cwp/src/USU/src/app_su/cwp/include -I/usr/local/cwp/src/USU/src/app_su/slt/include    wgc2hvel.c  -L/usr/X11R6/lib -L/usr/local/cwp/src/USU/src/app_su/Linux_2.6_i686/lib  -lXt -lX11 -lwgc -lgrid -lvelo -lumisc -lusu -lxplot -lsu -lpar -lcwp -lm -lc  -o wgc2hvel
gcc -DLINUX=1 -g -D_LARGEFILE_SOURCE -D_FILE_OFFSET_BITS=64 -I/usr/local/cwp/src/USU/src/app_su/cwp/include -I/usr/local/cwp/src/USU/src/app_su/slt/include    xy2traceline.c  -L/usr/X11R6/lib -L/usr/local/cwp/src/USU/src/app_su/Linux_2.6_i686/lib  -lXt -lX11 -lwgc -lgrid -lvelo -lumisc -lusu -lxplot -lsu -lpar -lcwp -lm -lc  -o xy2traceline
make[2]: Leaving directory `/LinuxMount/usr/local/cwp/src/USU/src/app_su/slt/src/velo/main'
make[2]: Entering directory `/LinuxMount/usr/local/cwp/src/USU/src/app_su/slt/src/fxymig/main'
gcc -DLINUX=1 -g -D_LARGEFILE_SOURCE -D_FILE_OFFSET_BITS=64 -I/usr/local/cwp/src/USU/src/app_su/cwp/include -I/usr/local/cwp/src/USU/src/app_su/slt/include   -c -o ffm.o ffm.c
gcc -o ffm ffm.o -L../lib -lfxymig -L/usr/X11R6/lib -L/usr/local/cwp/src/USU/src/app_su/Linux_2.6_i686/lib  -lXt -lX11 -lwgc -lgrid -lvelo -lumisc -lusu -lxplot -lsu -lpar -lcwp -lm -lc 
gcc -DLINUX=1 -g -D_LARGEFILE_SOURCE -D_FILE_OFFSET_BITS=64 -I/usr/local/cwp/src/USU/src/app_su/cwp/include -I/usr/local/cwp/src/USU/src/app_su/slt/include   -c -o fxymcal.o fxymcal.c
gcc -o fxymcal fxymcal.o -L../lib -lfxymig -L/usr/X11R6/lib -L/usr/local/cwp/src/USU/src/app_su/Linux_2.6_i686/lib  -lXt -lX11 -lwgc -lgrid -lvelo -lumisc -lusu -lxplot -lsu -lpar -lcwp -lm -lc 
gcc -DLINUX=1 -g -D_LARGEFILE_SOURCE -D_FILE_OFFSET_BITS=64 -I/usr/local/cwp/src/USU/src/app_su/cwp/include -I/usr/local/cwp/src/USU/src/app_su/slt/include   -c -o fxymerge.o fxymerge.c
gcc -o fxymerge fxymerge.o -L../lib -lfxymig -L/usr/X11R6/lib -L/usr/local/cwp/src/USU/src/app_su/Linux_2.6_i686/lib  -lXt -lX11 -lwgc -lgrid -lvelo -lumisc -lusu -lxplot -lsu -lpar -lcwp -lm -lc 
gcc -DLINUX=1 -g -D_LARGEFILE_SOURCE -D_FILE_OFFSET_BITS=64 -I/usr/local/cwp/src/USU/src/app_su/cwp/include -I/usr/local/cwp/src/USU/src/app_su/slt/include   -c -o fxymig.o fxymig.c
gcc -o fxymig fxymig.o -L../lib -lfxymig -L/usr/X11R6/lib -L/usr/local/cwp/src/USU/src/app_su/Linux_2.6_i686/lib  -lXt -lX11 -lwgc -lgrid -lvelo -lumisc -lusu -lxplot -lsu -lpar -lcwp -lm -lc 
make[2]: Leaving directory `/LinuxMount/usr/local/cwp/src/USU/src/app_su/slt/src/fxymig/main'
make[2]: Entering directory `/LinuxMount/usr/local/cwp/src/USU/src/app_su/slt/src/ktmig/main'
gcc -DLINUX=1 -g -D_LARGEFILE_SOURCE -D_FILE_OFFSET_BITS=64 -I/usr/local/cwp/src/USU/src/app_su/cwp/include -I/usr/local/cwp/src/USU/src/app_su/slt/include   -c -o ktmig.o ktmig.c
gcc -o ktmig ktmig.o -L../lib -lktmig -L/usr/X11R6/lib -L/usr/local/cwp/src/USU/src/app_su/Linux_2.6_i686/lib  -lXt -lX11 -lwgc -lgrid -lvelo -lumisc -lusu -lxplot -lsu -lpar -lcwp -lm -lc 
make[2]: Leaving directory `/LinuxMount/usr/local/cwp/src/USU/src/app_su/slt/src/ktmig/main'
make[2]: Entering directory `/LinuxMount/usr/local/cwp/src/USU/src/app_su/slt/src/kzmig/main'
gcc -DLINUX=1 -g -D_LARGEFILE_SOURCE -D_FILE_OFFSET_BITS=64 -I/usr/local/cwp/src/USU/src/app_su/cwp/include -I/usr/local/cwp/src/USU/src/app_su/slt/include   -c -o kmmerge.o kmmerge.c
gcc -o kmmerge kmmerge.o -L../lib -lkzmig -L/usr/X11R6/lib -L/usr/local/cwp/src/USU/src/app_su/Linux_2.6_i686/lib  -lXt -lX11 -lwgc -lgrid -lvelo -lumisc -lusu -lxplot -lsu -lpar -lcwp -lm -lc 
gcc -DLINUX=1 -g -D_LARGEFILE_SOURCE -D_FILE_OFFSET_BITS=64 -I/usr/local/cwp/src/USU/src/app_su/cwp/include -I/usr/local/cwp/src/USU/src/app_su/slt/include   -c -o kzmig.o kzmig.c
gcc -o kzmig kzmig.o -L../lib -lkzmig -L/usr/X11R6/lib -L/usr/local/cwp/src/USU/src/app_su/Linux_2.6_i686/lib  -lXt -lX11 -lwgc -lgrid -lvelo -lumisc -lusu -lxplot -lsu -lpar -lcwp -lm -lc 
make[2]: Leaving directory `/LinuxMount/usr/local/cwp/src/USU/src/app_su/slt/src/kzmig/main'
make[2]: Entering directory `/LinuxMount/usr/local/cwp/src/USU/src/app_su/slt/src/rayt3d/main'
gcc -DLINUX=1 -g -D_LARGEFILE_SOURCE -D_FILE_OFFSET_BITS=64 -I/usr/local/cwp/src/USU/src/app_su/cwp/include -I/usr/local/cwp/src/USU/src/app_su/slt/include   -c -o rayt3d.o rayt3d.c
gcc -o rayt3d rayt3d.o -L../lib -lrayt3d -L/usr/X11R6/lib -L/usr/local/cwp/src/USU/src/app_su/Linux_2.6_i686/lib  -lXt -lX11 -lwgc -lgrid -lvelo -lumisc -lusu -lxplot -lsu -lpar -lcwp -lm -lc 
make[2]: Leaving directory `/LinuxMount/usr/local/cwp/src/USU/src/app_su/slt/src/rayt3d/main'
make[1]: Leaving directory `/LinuxMount/usr/local/cwp/src/USU/src/app_su'
