This file contains any messages produced by compilers while
running configure, to aid debugging if configure makes a mistake.

It was created by Seismic Analysis Code configure 101.2, which was
generated by GNU Autoconf 2.60.  Invocation command line was

  $ ./configure --prefix=/usr/local/cwp/sac --exec-prefix=/usr/local/cwp/sac

## --------- ##
## Platform. ##
## --------- ##

hostname = jewhite.Mines.EDU
uname -m = x86_64
uname -r = 2.6.23.17-88.fc7
uname -s = Linux
uname -v = #1 SMP Thu May 15 00:02:29 EDT 2008

/usr/bin/uname -p = unknown
/bin/uname -X     = unknown

/bin/arch              = x86_64
/usr/bin/arch -k       = unknown
/usr/convex/getsysinfo = unknown
/usr/bin/hostinfo      = unknown
/bin/machine           = unknown
/usr/bin/oslevel       = unknown
/bin/universe          = unknown

PATH: /usr/local/mpich2/bin
PATH: /usr/local/earth3d
PATH: /Net/hilbert/u3/john/bin
PATH: /Net/hilbert/u3/john/pvm3/LINUX
PATH: /usr/local/BHP_SU_V4.0/prod
PATH: /usr/local/isu/bin
PATH: /usr/local/Acrobat7.0/bin
PATH: /usr/local/mathematica/bin
PATH: /lib
PATH: /Net/hilbert/u3/john/bin
PATH: /usr/local/NetAdmin/bin
PATH: /usr/bin/X11
PATH: /usr/local/bin
PATH: /bin
PATH: /usr/bin
PATH: /opt/bin
PATH: /usr/local/NetAdmin/bin
PATH: .
PATH: /usr/local/bin
PATH: /usr/sbin
PATH: /usr/lib/teTeX/bin
PATH: /usr/local/lesstif/bin
PATH: /usr/local/netscape
PATH: /usr/java/j2sdk1.4.2_01/bin
PATH: /usr/java/j2sdk1.4.1_03/bin
PATH: /usr/local/mpich-1.2.4/bin
PATH: /usr/local/grace/bin
PATH: /usr/local/contrib/bin
PATH: /usr/local/gmt/bin
PATH: /opt/applix
PATH: /usr/local/OpenCity/bin
PATH: /usr/lib/ooo-1.1/program
PATH: /usr/local/cwp/bin
PATH: /Net/hilbert/u3/john/Office51/bin
PATH: /usr/local/matlab5/bin
PATH: /usr/local/MrSID_linux2.0.32/bin
PATH: /usr/local/kdu
PATH: /opt/intel/fce/10.1.018/bin
PATH: /usr/local/passcal/bin
PATH: /usr/local/rsf/bin
PATH: /usr/local/cwp/src/USU/Linux_2.6_i686/bin
PATH: /usr/local/splint/bin
PATH: /usr/local/cwp/sac/bin
PATH: /usr/local/MuPAD/share/bin
PATH: /usr/local/rsf/bin


## ----------- ##
## Core tests. ##
## ----------- ##

configure:1814: checking build system type
configure:1832: result: x86_64-unknown-linux-gnu
configure:1854: checking host system type
configure:1869: result: x86_64-unknown-linux-gnu
configure:1891: checking target system type
configure:1906: result: x86_64-unknown-linux-gnu
configure:1954: checking for a BSD-compatible install
configure:2010: result: /usr/bin/install -c
configure:2021: checking whether build environment is sane
configure:2064: result: yes
configure:2129: checking for gawk
configure:2145: found /bin/gawk
configure:2156: result: gawk
configure:2167: checking whether make sets $(MAKE)
configure:2188: result: yes
configure:2548: checking for style of include used by make
configure:2576: result: GNU
configure:2649: checking for gcc
configure:2665: found /usr/bin/gcc
configure:2676: result: gcc
configure:2914: checking for C compiler version
configure:2921: gcc --version >&5
gcc (GCC) 4.1.2 20070925 (Red Hat 4.1.2-27)
Copyright (C) 2006 Free Software Foundation, Inc.
This is free software; see the source for copying conditions.  There is NO
warranty; not even for MERCHANTABILITY or FITNESS FOR A PARTICULAR PURPOSE.

configure:2924: $? = 0
configure:2931: gcc -v >&5
Using built-in specs.
Target: x86_64-redhat-linux
Configured with: ../configure --prefix=/usr --mandir=/usr/share/man --infodir=/usr/share/info --enable-shared --enable-threads=posix --enable-checking=release --with-system-zlib --enable-__cxa_atexit --disable-libunwind-exceptions --enable-languages=c,c++,objc,obj-c++,java,fortran,ada --enable-java-awt=gtk --disable-dssi --enable-plugin --with-java-home=/usr/lib/jvm/java-1.5.0-gcj-1.5.0.0/jre --enable-libgcj-multifile --enable-java-maintainer-mode --with-ecj-jar=/usr/share/java/eclipse-ecj.jar --with-cpu=generic --host=x86_64-redhat-linux
Thread model: posix
gcc version 4.1.2 20070925 (Red Hat 4.1.2-27)
configure:2934: $? = 0
configure:2941: gcc -V >&5
gcc: '-V' option must have argument
configure:2944: $? = 1
configure:2967: checking for C compiler default output file name
configure:2994: gcc -m32   -m32  conftest.c  >&5
configure:2997: $? = 0
configure:3043: result: a.out
configure:3048: checking whether the C compiler works
configure:3058: ./a.out
configure:3061: $? = 0
configure:3078: result: yes
configure:3085: checking whether we are cross compiling
configure:3087: result: no
configure:3090: checking for suffix of executables
configure:3097: gcc -o conftest -m32   -m32  conftest.c  >&5
configure:3100: $? = 0
configure:3124: result: 
configure:3130: checking for suffix of object files
configure:3156: gcc -c -m32   conftest.c >&5
configure:3159: $? = 0
configure:3182: result: o
configure:3186: checking whether we are using the GNU C compiler
configure:3215: gcc -c -m32   conftest.c >&5
configure:3221: $? = 0
configure:3228: test -z "$ac_c_werror_flag" || test ! -s conftest.err
configure:3231: $? = 0
configure:3238: test -s conftest.o
configure:3241: $? = 0
configure:3255: result: yes
configure:3260: checking whether gcc accepts -g
configure:3290: gcc -c -g  conftest.c >&5
configure:3296: $? = 0
configure:3303: test -z "$ac_c_werror_flag" || test ! -s conftest.err
configure:3306: $? = 0
configure:3313: test -s conftest.o
configure:3316: $? = 0
configure:3446: result: yes
configure:3463: checking for gcc option to accept ISO C89
configure:3537: gcc  -c -m32   conftest.c >&5
configure:3543: $? = 0
configure:3550: test -z "$ac_c_werror_flag" || test ! -s conftest.err
configure:3553: $? = 0
configure:3560: test -s conftest.o
configure:3563: $? = 0
configure:3583: result: none needed
configure:3603: checking dependency style of gcc
configure:3693: result: none
configure:3716: checking for tgoto in -lncurses
configure:3751: gcc -o conftest -m32   -m32  conftest.c -lncurses   >&5
configure:3757: $? = 0
configure:3764: test -z "$ac_c_werror_flag" || test ! -s conftest.err
configure:3767: $? = 0
configure:3774: test -s conftest
configure:3777: $? = 0
configure:3792: result: yes
configure:3820: checking how to run the C preprocessor
configure:3860: gcc -E  conftest.c
configure:3866: $? = 0
configure:3904: gcc -E  conftest.c
conftest.c:10:28: error: ac_nonexistent.h: No such file or directory
configure:3910: $? = 1
configure: failed program was:
| /* confdefs.h.  */
| #define PACKAGE_NAME "Seismic Analysis Code"
| #define PACKAGE_TARNAME "sac"
| #define PACKAGE_VERSION "101.2"
| #define PACKAGE_STRING "Seismic Analysis Code 101.2"
| #define PACKAGE_BUGREPORT "sac-help@iris.washington.edu"
| #define LINUX 1
| #define READLINE 1
| /* end confdefs.h.  */
| #include <ac_nonexistent.h>
configure:3950: result: gcc -E
configure:3979: gcc -E  conftest.c
configure:3985: $? = 0
configure:4023: gcc -E  conftest.c
conftest.c:10:28: error: ac_nonexistent.h: No such file or directory
configure:4029: $? = 1
configure: failed program was:
| /* confdefs.h.  */
| #define PACKAGE_NAME "Seismic Analysis Code"
| #define PACKAGE_TARNAME "sac"
| #define PACKAGE_VERSION "101.2"
| #define PACKAGE_STRING "Seismic Analysis Code 101.2"
| #define PACKAGE_BUGREPORT "sac-help@iris.washington.edu"
| #define LINUX 1
| #define READLINE 1
| /* end confdefs.h.  */
| #include <ac_nonexistent.h>
configure:4074: checking for grep that handles long lines and -e
configure:4148: result: /bin/grep
configure:4153: checking for egrep
configure:4231: result: /bin/grep -E
configure:4236: checking for ANSI C header files
configure:4266: gcc -c -m32   conftest.c >&5
configure:4272: $? = 0
configure:4279: test -z "$ac_c_werror_flag" || test ! -s conftest.err
configure:4282: $? = 0
configure:4289: test -s conftest.o
configure:4292: $? = 0
configure:4388: gcc -o conftest -m32   -m32  conftest.c -lncurses  >&5
configure:4391: $? = 0
configure:4397: ./conftest
configure:4400: $? = 0
configure:4417: result: yes
configure:4441: checking for sys/types.h
configure:4462: gcc -c -m32   conftest.c >&5
configure:4468: $? = 0
configure:4475: test -z "$ac_c_werror_flag" || test ! -s conftest.err
configure:4478: $? = 0
configure:4485: test -s conftest.o
configure:4488: $? = 0
configure:4501: result: yes
configure:4441: checking for sys/stat.h
configure:4462: gcc -c -m32   conftest.c >&5
configure:4468: $? = 0
configure:4475: test -z "$ac_c_werror_flag" || test ! -s conftest.err
configure:4478: $? = 0
configure:4485: test -s conftest.o
configure:4488: $? = 0
configure:4501: result: yes
configure:4441: checking for stdlib.h
configure:4462: gcc -c -m32   conftest.c >&5
configure:4468: $? = 0
configure:4475: test -z "$ac_c_werror_flag" || test ! -s conftest.err
configure:4478: $? = 0
configure:4485: test -s conftest.o
configure:4488: $? = 0
configure:4501: result: yes
configure:4441: checking for string.h
configure:4462: gcc -c -m32   conftest.c >&5
configure:4468: $? = 0
configure:4475: test -z "$ac_c_werror_flag" || test ! -s conftest.err
configure:4478: $? = 0
configure:4485: test -s conftest.o
configure:4488: $? = 0
configure:4501: result: yes
configure:4441: checking for memory.h
configure:4462: gcc -c -m32   conftest.c >&5
configure:4468: $? = 0
configure:4475: test -z "$ac_c_werror_flag" || test ! -s conftest.err
configure:4478: $? = 0
configure:4485: test -s conftest.o
configure:4488: $? = 0
configure:4501: result: yes
configure:4441: checking for strings.h
configure:4462: gcc -c -m32   conftest.c >&5
configure:4468: $? = 0
configure:4475: test -z "$ac_c_werror_flag" || test ! -s conftest.err
configure:4478: $? = 0
configure:4485: test -s conftest.o
configure:4488: $? = 0
configure:4501: result: yes
configure:4441: checking for inttypes.h
configure:4462: gcc -c -m32   conftest.c >&5
configure:4468: $? = 0
configure:4475: test -z "$ac_c_werror_flag" || test ! -s conftest.err
configure:4478: $? = 0
configure:4485: test -s conftest.o
configure:4488: $? = 0
configure:4501: result: yes
configure:4441: checking for stdint.h
configure:4462: gcc -c -m32   conftest.c >&5
configure:4468: $? = 0
configure:4475: test -z "$ac_c_werror_flag" || test ! -s conftest.err
configure:4478: $? = 0
configure:4485: test -s conftest.o
configure:4488: $? = 0
configure:4501: result: yes
configure:4441: checking for unistd.h
configure:4462: gcc -c -m32   conftest.c >&5
configure:4468: $? = 0
configure:4475: test -z "$ac_c_werror_flag" || test ! -s conftest.err
configure:4478: $? = 0
configure:4485: test -s conftest.o
configure:4488: $? = 0
configure:4501: result: yes
configure:5513: checking for Matlab libraries
configure:5515: result: Not checked for
configure:5651: checking for gcc
configure:5678: result: gcc
configure:5916: checking for C compiler version
configure:5923: gcc --version >&5
gcc (GCC) 4.1.2 20070925 (Red Hat 4.1.2-27)
Copyright (C) 2006 Free Software Foundation, Inc.
This is free software; see the source for copying conditions.  There is NO
warranty; not even for MERCHANTABILITY or FITNESS FOR A PARTICULAR PURPOSE.

configure:5926: $? = 0
configure:5933: gcc -v >&5
Using built-in specs.
Target: x86_64-redhat-linux
Configured with: ../configure --prefix=/usr --mandir=/usr/share/man --infodir=/usr/share/info --enable-shared --enable-threads=posix --enable-checking=release --with-system-zlib --enable-__cxa_atexit --disable-libunwind-exceptions --enable-languages=c,c++,objc,obj-c++,java,fortran,ada --enable-java-awt=gtk --disable-dssi --enable-plugin --with-java-home=/usr/lib/jvm/java-1.5.0-gcj-1.5.0.0/jre --enable-libgcj-multifile --enable-java-maintainer-mode --with-ecj-jar=/usr/share/java/eclipse-ecj.jar --with-cpu=generic --host=x86_64-redhat-linux
Thread model: posix
gcc version 4.1.2 20070925 (Red Hat 4.1.2-27)
configure:5936: $? = 0
configure:5943: gcc -V >&5
gcc: '-V' option must have argument
configure:5946: $? = 1
configure:5949: checking whether we are using the GNU C compiler
configure:6018: result: yes
configure:6023: checking whether gcc accepts -g
configure:6209: result: yes
configure:6226: checking for gcc option to accept ISO C89
configure:6346: result: none needed
configure:6366: checking dependency style of gcc
configure:6456: result: none
configure:6475: checking whether ln -s works
configure:6479: result: yes
configure:6488: checking for a sed that does not truncate output
configure:6567: result: /bin/sed
configure:6575: checking whether gcc and cc understand -c and -o together
configure:6610: gcc -c conftest.c -o conftest2.o >&5
configure:6613: $? = 0
configure:6619: gcc -c conftest.c -o conftest2.o >&5
configure:6622: $? = 0
configure:6633: cc -c conftest.c >&5
configure:6636: $? = 0
configure:6644: cc -c conftest.c -o conftest2.o >&5
configure:6647: $? = 0
configure:6653: cc -c conftest.c -o conftest2.o >&5
configure:6656: $? = 0
configure:6674: result: yes
configure:6701: checking for X
configure:6959: result: libraries /usr/lib64, headers 
configure:7162: gcc -o conftest -m32   -m32  conftest.c -lncurses   -L/usr/lib64 -lX11 >&5
/usr/bin/ld: skipping incompatible /usr/lib64/libncurses.so when searching for -lncurses
/usr/bin/ld: skipping incompatible /usr/lib64/libX11.so when searching for -lX11
/usr/bin/ld: skipping incompatible /usr/lib64/libc.so when searching for -lc
/usr/bin/ld: skipping incompatible /usr/lib64/libc.a when searching for -lc
configure:7168: $? = 0
configure:7175: test -z "$ac_c_werror_flag" || test ! -s conftest.err
configure:7178: $? = 0
configure:7185: test -s conftest
configure:7188: $? = 0
configure:7373: checking for gethostbyname
configure:7429: gcc -o conftest -m32   -m32  conftest.c -lncurses  >&5
configure:7435: $? = 0
configure:7442: test -z "$ac_c_werror_flag" || test ! -s conftest.err
configure:7445: $? = 0
configure:7452: test -s conftest
configure:7455: $? = 0
configure:7468: result: yes
configure:7645: checking for connect
configure:7701: gcc -o conftest -m32   -m32  conftest.c -lncurses  >&5
configure:7707: $? = 0
configure:7714: test -z "$ac_c_werror_flag" || test ! -s conftest.err
configure:7717: $? = 0
configure:7724: test -s conftest
configure:7727: $? = 0
configure:7740: result: yes
configure:7828: checking for remove
configure:7884: gcc -o conftest -m32   -m32  conftest.c -lncurses  >&5
configure:7890: $? = 0
configure:7897: test -z "$ac_c_werror_flag" || test ! -s conftest.err
configure:7900: $? = 0
configure:7907: test -s conftest
configure:7910: $? = 0
configure:7923: result: yes
configure:8011: checking for shmat
configure:8067: gcc -o conftest -m32   -m32  conftest.c -lncurses  >&5
configure:8073: $? = 0
configure:8080: test -z "$ac_c_werror_flag" || test ! -s conftest.err
configure:8083: $? = 0
configure:8090: test -s conftest
configure:8093: $? = 0
configure:8106: result: yes
configure:8203: checking for IceConnectionNumber in -lICE
configure:8238: gcc -o conftest -m32   -m32  -L/usr/lib64 conftest.c -lICE  -lncurses  >&5
/usr/bin/ld: skipping incompatible /usr/lib64/libICE.so when searching for -lICE
/usr/bin/ld: skipping incompatible /usr/lib64/libncurses.so when searching for -lncurses
/usr/bin/ld: skipping incompatible /usr/lib64/libc.so when searching for -lc
/usr/bin/ld: skipping incompatible /usr/lib64/libc.a when searching for -lc
configure:8244: $? = 0
configure:8251: test -z "$ac_c_werror_flag" || test ! -s conftest.err
configure:8254: $? = 0
configure:8261: test -s conftest
configure:8264: $? = 0
configure:8278: result: yes
configure:8333: checking for ranlib
configure:8349: found /usr/bin/ranlib
configure:8360: result: ranlib
configure:8393: checking whether termios.h defines TIOCGWINSZ
configure:8420: result: no
configure:8424: checking whether sys/ioctl.h defines TIOCGWINSZ
configure:8451: result: yes
configure:8466: checking for sin in -lm
configure:8501: gcc -o conftest -m32   -m32  conftest.c -lm  -lncurses  >&5
conftest.c:31: warning: conflicting types for built-in function 'sin'
configure:8507: $? = 0
configure:8514: test -z "$ac_c_werror_flag" || test ! -s conftest.err
configure:8517: $? = 0
configure:8524: test -s conftest
configure:8527: $? = 0
configure:8541: result: yes
configure:8555: checking for dlopen in -ldl
configure:8590: gcc -o conftest -m32   -m32  conftest.c -ldl  -lm -lncurses  >&5
configure:8596: $? = 0
configure:8603: test -z "$ac_c_werror_flag" || test ! -s conftest.err
configure:8606: $? = 0
configure:8613: test -s conftest
configure:8616: $? = 0
configure:8630: result: yes
configure:8643: checking for lround
configure:8699: gcc -o conftest -m32   -m32  conftest.c -ldl -lm -lncurses  >&5
conftest.c:49: warning: conflicting types for built-in function 'lround'
configure:8705: $? = 0
configure:8712: test -z "$ac_c_werror_flag" || test ! -s conftest.err
configure:8715: $? = 0
configure:8722: test -s conftest
configure:8725: $? = 0
configure:8738: result: yes
configure:8754: checking for fmin
configure:8810: gcc -o conftest -m32   -m32  conftest.c -ldl -lm -lncurses  >&5
conftest.c:50: warning: conflicting types for built-in function 'fmin'
configure:8816: $? = 0
configure:8823: test -z "$ac_c_werror_flag" || test ! -s conftest.err
configure:8826: $? = 0
configure:8833: test -s conftest
configure:8836: $? = 0
configure:8849: result: yes
configure:8865: checking for fmax
configure:8921: gcc -o conftest -m32   -m32  conftest.c -ldl -lm -lncurses  >&5
conftest.c:51: warning: conflicting types for built-in function 'fmax'
configure:8927: $? = 0
configure:8934: test -z "$ac_c_werror_flag" || test ! -s conftest.err
configure:8937: $? = 0
configure:8944: test -s conftest
configure:8947: $? = 0
configure:8960: result: yes
configure:9139: creating ./config.status

## ---------------------- ##
## Running config.status. ##
## ---------------------- ##

This file was extended by Seismic Analysis Code config.status 101.2, which was
generated by GNU Autoconf 2.60.  Invocation command line was

  CONFIG_FILES    = 
  CONFIG_HEADERS  = 
  CONFIG_LINKS    = 
  CONFIG_COMMANDS = 
  $ ./config.status 

on jewhite.Mines.EDU

config.status:659: creating src/Makefile
config.status:659: creating utils/Makefile
config.status:659: creating libedit/Makefile
config.status:659: creating Makefile
config.status:659: creating inc/config.h
config.status:889: inc/config.h is unchanged
config.status:935: executing depfiles commands
configure:10422:

Compliation Options for sac (Seismic Analysis Code 101.2)

CFLAGS         = -m32 
LDFLAGS        = -m32 
LIBS           = -ldl -lm -lncurses 
Debug          = 
Optimization   = 
Database       = off
Matlab         = off
X11-buffer     = on
X11-depth      = on
X_LIBS         =  -L/usr/lib64
X_CFLAGS       = 
Readline       = off
Editline       = on
Install Base   = /usr/local/cwp/sac
System         = linux_x86_64 (x86_64-unknown-linux-gnu)

To compile sac type make 

## ---------------- ##
## Cache variables. ##
## ---------------- ##

ac_cv_build=x86_64-unknown-linux-gnu
ac_cv_c_compiler_gnu=yes
ac_cv_env_CC_set=
ac_cv_env_CC_value=
ac_cv_env_CFLAGS_set=
ac_cv_env_CFLAGS_value=
ac_cv_env_CPPFLAGS_set=
ac_cv_env_CPPFLAGS_value=
ac_cv_env_CPP_set=
ac_cv_env_CPP_value=
ac_cv_env_LDFLAGS_set=
ac_cv_env_LDFLAGS_value=
ac_cv_env_MATLAB_BIN_set=
ac_cv_env_MATLAB_BIN_value=
ac_cv_env_MATLAB_DIR_set=
ac_cv_env_MATLAB_DIR_value=
ac_cv_env_XMKMF_set=
ac_cv_env_XMKMF_value=
ac_cv_env_build_alias_set=
ac_cv_env_build_alias_value=
ac_cv_env_host_alias_set=
ac_cv_env_host_alias_value=
ac_cv_env_target_alias_set=
ac_cv_env_target_alias_value=
ac_cv_func_connect=yes
ac_cv_func_fmax=yes
ac_cv_func_fmin=yes
ac_cv_func_gethostbyname=yes
ac_cv_func_lround=yes
ac_cv_func_remove=yes
ac_cv_func_shmat=yes
ac_cv_have_x='have_x=yes	ac_x_includes='\'''\''	ac_x_libraries='\''/usr/lib64'\'''
ac_cv_header_inttypes_h=yes
ac_cv_header_memory_h=yes
ac_cv_header_stdc=yes
ac_cv_header_stdint_h=yes
ac_cv_header_stdlib_h=yes
ac_cv_header_string_h=yes
ac_cv_header_strings_h=yes
ac_cv_header_sys_stat_h=yes
ac_cv_header_sys_types_h=yes
ac_cv_header_unistd_h=yes
ac_cv_host=x86_64-unknown-linux-gnu
ac_cv_lib_ICE_IceConnectionNumber=yes
ac_cv_lib_dl_dlopen=yes
ac_cv_lib_m_sin=yes
ac_cv_lib_ncurses___tgoto=yes
ac_cv_objext=o
ac_cv_path_EGREP='/bin/grep -E'
ac_cv_path_GREP=/bin/grep
ac_cv_path_SED=/bin/sed
ac_cv_path_install='/usr/bin/install -c'
ac_cv_prog_AWK=gawk
ac_cv_prog_CPP='gcc -E'
ac_cv_prog_ac_ct_CC=gcc
ac_cv_prog_ac_ct_RANLIB=ranlib
ac_cv_prog_cc_c89=
ac_cv_prog_cc_g=yes
ac_cv_prog_cc_gcc_c_o=yes
ac_cv_prog_make_make_set=yes
ac_cv_sys_tiocgwinsz_in_sys_ioctl_h=yes
ac_cv_sys_tiocgwinsz_in_termios_h=no
ac_cv_target=x86_64-unknown-linux-gnu
am_cv_CC_dependencies_compiler_type=none

## ----------------- ##
## Output variables. ##
## ----------------- ##

ACLOCAL='${SHELL} /usr/local/cwp/sac/sac-101.2/config/missing --run aclocal-1.9'
AMDEPBACKSLASH='\'
AMDEP_FALSE='#'
AMDEP_TRUE=''
AMTAR='${SHELL} /usr/local/cwp/sac/sac-101.2/config/missing --run tar'
AUTOCONF='${SHELL} /usr/local/cwp/sac/sac-101.2/config/missing --run autoconf'
AUTOHEADER='${SHELL} /usr/local/cwp/sac/sac-101.2/config/missing --run autoheader'
AUTOMAKE='${SHELL} /usr/local/cwp/sac/sac-101.2/config/missing --run automake-1.9'
AWK='gawk'
BINARY_DIST='linux_x86_64'
CC='gcc'
CCDEPMODE='depmode=none'
CFLAGS='-m32 '
CPP='gcc -E'
CPPFLAGS=''
CYGPATH_W='echo'
CYGWIN_SYSTEM_FALSE=''
CYGWIN_SYSTEM_TRUE='#'
DATABASE_FALSE=''
DATABASE_TRUE='#'
DEBUG=''
DEFS='-DHAVE_CONFIG_H'
DEPDIR='.deps'
ECHO_C=''
ECHO_N='-n'
ECHO_T=''
EDITLINE_FALSE='#'
EDITLINE_TRUE=''
EGREP='/bin/grep -E'
EXEEXT=''
GREP='/bin/grep'
INSTALL_DATA='${INSTALL} -m 644'
INSTALL_PROGRAM='${INSTALL}'
INSTALL_SCRIPT='${INSTALL}'
INSTALL_STRIP_PROGRAM='${SHELL} $(install_sh) -c -s'
LDFLAGS='-m32 '
LIBOBJS=''
LIBS='-ldl -lm -lncurses '
LN_S='ln -s'
LTLIBOBJS=''
MAKEINFO='${SHELL} /usr/local/cwp/sac/sac-101.2/config/missing --run makeinfo'
MATLAB_BIN=''
MATLAB_DIR=''
OBJEXT='o'
OPTIM=''
PACKAGE='sac'
PACKAGE_BUGREPORT='sac-help@iris.washington.edu'
PACKAGE_NAME='Seismic Analysis Code'
PACKAGE_STRING='Seismic Analysis Code 101.2'
PACKAGE_TARNAME='sac'
PACKAGE_VERSION='101.2'
PATH_SEPARATOR=':'
RANLIB='ranlib'
READLINE_FALSE=''
READLINE_TRUE='#'
SED='/bin/sed'
SET_MAKE=''
SHELL='/bin/sh'
STRIP=''
VERSION='101.2'
XMKMF=''
X_CFLAGS=''
X_EXTRA_LIBS=''
X_LIBS=' -L/usr/lib64'
X_PRE_LIBS=' -lSM -lICE'
ac_ct_CC='gcc'
am__fastdepCC_FALSE=''
am__fastdepCC_TRUE='#'
am__include='include'
am__leading_dot='.'
am__quote=''
am__tar='${AMTAR} chof - "$$tardir"'
am__untar='${AMTAR} xf -'
bindir='${exec_prefix}/bin'
build='x86_64-unknown-linux-gnu'
build_alias=''
build_cpu='x86_64'
build_os='linux-gnu'
build_vendor='unknown'
datadir='${datarootdir}'
datarootdir='${prefix}/share'
docdir='${datarootdir}/doc/${PACKAGE_TARNAME}'
dvidir='${docdir}'
exec_prefix='/usr/local/cwp/sac'
host='x86_64-unknown-linux-gnu'
host_alias=''
host_cpu='x86_64'
host_os='linux-gnu'
host_vendor='unknown'
htmldir='${docdir}'
includedir='${prefix}/include'
infodir='${datarootdir}/info'
install_sh='/usr/local/cwp/sac/sac-101.2/config/install-sh'
libdir='${exec_prefix}/lib'
libexecdir='${exec_prefix}/libexec'
localedir='${datarootdir}/locale'
localstatedir='${prefix}/var'
mandir='${datarootdir}/man'
mkdir_p='mkdir -p --'
oldincludedir='/usr/include'
pdfdir='${docdir}'
prefix='/usr/local/cwp/sac'
program_transform_name='s,x,x,'
psdir='${docdir}'
sbindir='${exec_prefix}/sbin'
sharedstatedir='${prefix}/com'
sysconfdir='${prefix}/etc'
target='x86_64-unknown-linux-gnu'
target_alias=''
target_cpu='x86_64'
target_os='linux-gnu'
target_vendor='unknown'

## ----------- ##
## confdefs.h. ##
## ----------- ##

#define PACKAGE_NAME "Seismic Analysis Code"
#define PACKAGE_TARNAME "sac"
#define PACKAGE_VERSION "101.2"
#define PACKAGE_STRING "Seismic Analysis Code 101.2"
#define PACKAGE_BUGREPORT "sac-help@iris.washington.edu"
#define LINUX 1
#define READLINE 1
#define STDC_HEADERS 1
#define HAVE_SYS_TYPES_H 1
#define HAVE_SYS_STAT_H 1
#define HAVE_STDLIB_H 1
#define HAVE_STRING_H 1
#define HAVE_MEMORY_H 1
#define HAVE_STRINGS_H 1
#define HAVE_INTTYPES_H 1
#define HAVE_STDINT_H 1
#define HAVE_UNISTD_H 1
#define USE_X11_DOUBLE_BUFFER 1
#define USE_X11_MULTIPLE_DEPTHS 1
#define DATABASE_DISABLED 1
#define GWINSZ_IN_SYS_IOCTL 1
#define HAVE_LIBM 1
#define HAVE_LIBDL 1
#define HAVE_FUNC_LROUND 1
#define HAVE_FUNC_FMIN 1
#define HAVE_FUNC_FMAX 1
#define BUILD_DATE "03/25/2009"

configure: exit 0
