This is TeX, Version 3.1415N (C version 6.1) (format=latex 94.9.13)  12 APR 1996 09:40
**\nonstopmode\input{users.tex}
(users.tex (/usr/lib/texmf/tex/latex/latex/latex209.def
File: latex209.def 1994/06/01 Standard LaTeX file

Entering LaTeX 2.09 compatibility mode.
\footheight=\dimen102
\@maxsep=\dimen103
\@dblmaxsep=\dimen104
(/usr/lib/texmf/tex/latex/latex/tracefnt.sty
Package: tracefnt 1994/05/29 v2.3k Standard LaTeX package (font tracing)
\tracingfonts=\count82
LaTeX Info: Redefining \selectfont on input line 113.
)
\symbold=\mathgroup4
\symsans=\mathgroup5
\symtypewriter=\mathgroup6
\symitalic=\mathgroup7
\symsmallcaps=\mathgroup8
\symslanted=\mathgroup9
LaTeX Font Info:    Redeclaring math alphabet \mathbf on input line 179.
LaTeX Font Info:    Redeclaring math alphabet \mathsf on input line 180.
LaTeX Font Info:    Redeclaring math alphabet \mathtt on input line 181.
LaTeX Font Info:    Redeclaring math alphabet \mathit on input line 187.
LaTeX Info: Redefining \em on input line 197.

(/usr/lib/texmf/tex/latex/latex/latexsym.sty
Package: latexsym 1994/05/27 v2.1e Standard LaTeX package (lasy symbols)
\symlasy=\mathgroup10
LaTeX Font Info:    Overwriting symbol font `lasy' in version `bold'
(Font)                  U/lasy/m/n --> U/lasy/b/n on input line 47.
)
LaTeX Font Info:    Redeclaring math delimiter \lgroup on input line 262.
LaTeX Font Info:    Redeclaring math delimiter \rgroup on input line 264.
LaTeX Font Info:    Redeclaring math delimiter \bracevert on input line 266.
)
(/usr/lib/texmf/tex/latex/latex/article.cls
Document Class: article 1994/07/13 v1.2u Standard LaTeX document class
(/usr/lib/texmf/tex/latex/latex/size10.clo
File: size10.clo 1994/07/13 v1.2u Standard LaTeX file (size option)
)
\c@part=\count83
\c@section=\count84
\c@subsection=\count85
\c@subsubsection=\count86
\c@paragraph=\count87
\c@subparagraph=\count88
\c@figure=\count89
\c@table=\count90
\abovecaptionskip=\skip41
\belowcaptionskip=\skip42
Compatibility mode: definition of \rm ignored.
Compatibility mode: definition of \sf ignored.
Compatibility mode: definition of \tt ignored.
Compatibility mode: definition of \bf ignored.
Compatibility mode: definition of \it ignored.
Compatibility mode: definition of \sl ignored.
Compatibility mode: definition of \sc ignored.
\bibindent=\dimen105
) (/usr/local/tex/inputs/cwp.sty
\twicehsize=\dimen106
\bibhang=\skip43

(/usr/local/tex/inputs/epsf.tex
\epsffilein=\read1
\epsfxsize=\dimen107
\epsfysize=\dimen108
\epsftsize=\dimen109
\epsfrsize=\dimen110
\epsftmp=\dimen111
\pspoints=\dimen112
)
\w=\dimen113
) (users.aux)
LaTeX Font Info:    Checking defaults for T1/cmr/m/n on input line 2.
LaTeX Font Info:    ... okay on input line 2.
LaTeX Font Info:    Checking defaults for OT1/cmr/m/n on input line 2.
LaTeX Font Info:    ... okay on input line 2.
LaTeX Font Info:    Checking defaults for OML/cmm/m/it on input line 2.
LaTeX Font Info:    ... okay on input line 2.
LaTeX Font Info:    Checking defaults for OMS/cmsy/m/n on input line 2.
LaTeX Font Info:    ... okay on input line 2.
LaTeX Font Info:    Checking defaults for OMX/cmex/m/n on input line 2.
LaTeX Font Info:    ... okay on input line 2.
LaTeX Font Info:    Checking defaults for U/cmr/m/n on input line 2.
LaTeX Font Info:    ... okay on input line 2.
LaTeX Info: Redefining \" on input line 2.
LaTeX Info: Redefining \" on input line 2.
 [1

] [2]
LaTeX Font Info:    No math setup on input line 141.
LaTeX Font Info:    External font `cmex10' loaded for size
(Font)              <7> on input line 141.
LaTeX Font Info:    External font `cmex10' loaded for size
(Font)              <5> on input line 141.
 [3] [4] [5] [6] [7]
[8] [9] [10] [11] (users.aux) ) 
Here is how much of TeX's memory you used:
 438 strings out of 10935
 4231 string characters out of 67003
 51729 words of memory out of 262141
 3344 multiletter control sequences out of 9500
 11463 words of font info for 38 fonts, out of 200000 for 512
 14 hyphenation exceptions out of 607
 21i,4n,19p,185b,230s stack positions out of 300i,40n,60p,3000b,4000s

Output written on users.dvi (11 pages, 48448 bytes).
